2019-03-26 14:24:36,429 [Worker-0] INFO  c.g.t.t.d.PublishedGradleVersions - Gradle version information cache is up-to-date. Trying to read.
2019-03-26 14:27:54,765 [ModalContext] INFO  o.e.m.c.i.e.AbstractTransferListenerAdapter - Downloading http://repo1.maven.org/maven2/org/apache/maven/archetypes/maven-archetype-webapp/1.4/maven-archetype-webapp-1.4.jar
2019-03-26 14:27:55,056 [ModalContext] INFO  o.e.m.c.i.e.AbstractTransferListenerAdapter - Downloaded http://repo1.maven.org/maven2/org/apache/maven/archetypes/maven-archetype-webapp/1.4/maven-archetype-webapp-1.4.jar
2019-03-26 14:27:55,242 [ModalContext] INFO  o.e.m.c.i.e.AbstractTransferListenerAdapter - Downloading http://repo1.maven.org/maven2/org/apache/maven/archetypes/maven-archetype-webapp/1.4/maven-archetype-webapp-1.4.pom
2019-03-26 14:27:55,450 [ModalContext] INFO  o.e.m.c.i.e.AbstractTransferListenerAdapter - Downloaded http://repo1.maven.org/maven2/org/apache/maven/archetypes/maven-archetype-webapp/1.4/maven-archetype-webapp-1.4.pom
2019-03-26 14:28:25,462 [Worker-10] INFO  o.e.m.c.i.p.ProjectConfigurationManager - Collecting project info '/pom.xml' C:\Users\manoj.kulakarni\hibernate-JSP-workspace\hospitalApp\pom.xml
2019-03-26 14:28:29,501 [Worker-10] INFO  o.e.m.c.i.e.AbstractTransferListenerAdapter - Downloading https://repo.maven.apache.org/maven2/org/apache/maven/plugins/maven-clean-plugin/3.1.0/maven-clean-plugin-3.1.0.jar
2019-03-26 14:28:30,153 [Worker-10] INFO  o.e.m.c.i.e.AbstractTransferListenerAdapter - Downloaded https://repo.maven.apache.org/maven2/org/apache/maven/plugins/maven-clean-plugin/3.1.0/maven-clean-plugin-3.1.0.jar
2019-03-26 14:28:30,733 [Worker-10] INFO  o.e.m.c.i.e.AbstractTransferListenerAdapter - Downloading https://repo.maven.apache.org/maven2/org/apache/maven/plugins/maven-war-plugin/3.2.2/maven-war-plugin-3.2.2.jar
2019-03-26 14:28:31,432 [Worker-10] INFO  o.e.m.c.i.e.AbstractTransferListenerAdapter - Downloaded https://repo.maven.apache.org/maven2/org/apache/maven/plugins/maven-war-plugin/3.2.2/maven-war-plugin-3.2.2.jar
2019-03-26 14:28:31,812 [Worker-10] INFO  o.e.m.c.i.e.AbstractTransferListenerAdapter - Downloading https://repo.maven.apache.org/maven2/org/apache/maven/plugins/maven-install-plugin/2.5.2/maven-install-plugin-2.5.2.jar
2019-03-26 14:28:32,212 [Worker-10] INFO  o.e.m.c.i.e.AbstractTransferListenerAdapter - Downloaded https://repo.maven.apache.org/maven2/org/apache/maven/plugins/maven-install-plugin/2.5.2/maven-install-plugin-2.5.2.jar
2019-03-26 14:28:32,565 [Worker-10] INFO  o.e.m.c.i.e.AbstractTransferListenerAdapter - Downloading https://repo.maven.apache.org/maven2/org/apache/maven/plugins/maven-deploy-plugin/2.8.2/maven-deploy-plugin-2.8.2.jar
2019-03-26 14:28:32,960 [Worker-10] INFO  o.e.m.c.i.e.AbstractTransferListenerAdapter - Downloaded https://repo.maven.apache.org/maven2/org/apache/maven/plugins/maven-deploy-plugin/2.8.2/maven-deploy-plugin-2.8.2.jar
2019-03-26 14:28:35,433 [Worker-10] INFO  o.e.m.c.i.l.LifecycleMappingFactory - Using org.maven.ide.eclipse.wtp.WarLifecycleMapping lifecycle mapping for MavenProject: com.evry:hospitalApp:0.0.1-SNAPSHOT @ C:\Users\manoj.kulakarni\hibernate-JSP-workspace\hospitalApp\pom.xml.
2019-03-26 14:28:36,594 [Worker-10] INFO  o.e.m.c.i.e.AbstractTransferListenerAdapter - Downloading https://repo.maven.apache.org/maven2/org/apache/maven/plugins/maven-war-plugin/3.2.2/maven-war-plugin-3.2.2.pom
2019-03-26 14:28:37,151 [Worker-10] INFO  o.e.m.c.i.e.AbstractTransferListenerAdapter - Downloaded https://repo.maven.apache.org/maven2/org/apache/maven/plugins/maven-war-plugin/3.2.2/maven-war-plugin-3.2.2.pom
2019-03-26 14:28:37,435 [Worker-10] INFO  o.e.m.c.i.e.AbstractTransferListenerAdapter - Downloading https://repo.maven.apache.org/maven2/org/apache/maven/plugins/maven-plugins/31/maven-plugins-31.pom
2019-03-26 14:28:37,716 [Worker-10] INFO  o.e.m.c.i.e.AbstractTransferListenerAdapter - Downloaded https://repo.maven.apache.org/maven2/org/apache/maven/plugins/maven-plugins/31/maven-plugins-31.pom
2019-03-26 14:28:38,256 [Worker-10] INFO  o.e.m.c.i.e.AbstractTransferListenerAdapter - Downloading https://repo.maven.apache.org/maven2/org/apache/maven/maven-archiver/3.2.0/maven-archiver-3.2.0.pom
2019-03-26 14:28:38,530 [Worker-10] INFO  o.e.m.c.i.e.AbstractTransferListenerAdapter - Downloaded https://repo.maven.apache.org/maven2/org/apache/maven/maven-archiver/3.2.0/maven-archiver-3.2.0.pom
2019-03-26 14:28:38,838 [Worker-10] INFO  o.e.m.c.i.e.AbstractTransferListenerAdapter - Downloading https://repo.maven.apache.org/maven2/org/apache/maven/shared/maven-shared-utils/3.2.0/maven-shared-utils-3.2.0.pom
2019-03-26 14:28:39,140 [Worker-10] INFO  o.e.m.c.i.e.AbstractTransferListenerAdapter - Downloaded https://repo.maven.apache.org/maven2/org/apache/maven/shared/maven-shared-utils/3.2.0/maven-shared-utils-3.2.0.pom
2019-03-26 14:28:39,470 [Worker-10] INFO  o.e.m.c.i.e.AbstractTransferListenerAdapter - Downloading https://repo.maven.apache.org/maven2/org/codehaus/plexus/plexus-archiver/3.5/plexus-archiver-3.5.pom
2019-03-26 14:28:39,747 [Worker-10] INFO  o.e.m.c.i.e.AbstractTransferListenerAdapter - Downloaded https://repo.maven.apache.org/maven2/org/codehaus/plexus/plexus-archiver/3.5/plexus-archiver-3.5.pom
2019-03-26 14:28:40,012 [Worker-10] INFO  o.e.m.c.i.e.AbstractTransferListenerAdapter - Downloading https://repo.maven.apache.org/maven2/org/codehaus/plexus/plexus/5.0/plexus-5.0.pom
2019-03-26 14:28:40,324 [Worker-10] INFO  o.e.m.c.i.e.AbstractTransferListenerAdapter - Downloaded https://repo.maven.apache.org/maven2/org/codehaus/plexus/plexus/5.0/plexus-5.0.pom
2019-03-26 14:28:40,654 [Worker-10] INFO  o.e.m.c.i.e.AbstractTransferListenerAdapter - Downloading https://repo.maven.apache.org/maven2/org/codehaus/plexus/plexus-io/3.0.0/plexus-io-3.0.0.pom
2019-03-26 14:28:40,948 [Worker-10] INFO  o.e.m.c.i.e.AbstractTransferListenerAdapter - Downloaded https://repo.maven.apache.org/maven2/org/codehaus/plexus/plexus-io/3.0.0/plexus-io-3.0.0.pom
2019-03-26 14:28:41,233 [Worker-10] INFO  o.e.m.c.i.e.AbstractTransferListenerAdapter - Downloading https://repo.maven.apache.org/maven2/org/apache/commons/commons-compress/1.14/commons-compress-1.14.pom
2019-03-26 14:28:41,540 [Worker-10] INFO  o.e.m.c.i.e.AbstractTransferListenerAdapter - Downloaded https://repo.maven.apache.org/maven2/org/apache/commons/commons-compress/1.14/commons-compress-1.14.pom
2019-03-26 14:28:41,832 [Worker-10] INFO  o.e.m.c.i.e.AbstractTransferListenerAdapter - Downloading https://repo.maven.apache.org/maven2/org/apache/commons/commons-parent/42/commons-parent-42.pom
2019-03-26 14:28:42,388 [Worker-10] INFO  o.e.m.c.i.e.AbstractTransferListenerAdapter - Downloaded https://repo.maven.apache.org/maven2/org/apache/commons/commons-parent/42/commons-parent-42.pom
2019-03-26 14:28:42,708 [Worker-10] INFO  o.e.m.c.i.e.AbstractTransferListenerAdapter - Downloading https://repo.maven.apache.org/maven2/org/tukaani/xz/1.6/xz-1.6.pom
2019-03-26 14:28:42,992 [Worker-10] INFO  o.e.m.c.i.e.AbstractTransferListenerAdapter - Downloaded https://repo.maven.apache.org/maven2/org/tukaani/xz/1.6/xz-1.6.pom
2019-03-26 14:28:43,331 [Worker-10] INFO  o.e.m.c.i.e.AbstractTransferListenerAdapter - Downloading https://repo.maven.apache.org/maven2/org/codehaus/plexus/plexus-archiver/3.6.0/plexus-archiver-3.6.0.pom
2019-03-26 14:28:43,627 [Worker-10] INFO  o.e.m.c.i.e.AbstractTransferListenerAdapter - Downloaded https://repo.maven.apache.org/maven2/org/codehaus/plexus/plexus-archiver/3.6.0/plexus-archiver-3.6.0.pom
2019-03-26 14:28:43,910 [Worker-10] INFO  o.e.m.c.i.e.AbstractTransferListenerAdapter - Downloading https://repo.maven.apache.org/maven2/org/codehaus/plexus/plexus-utils/3.1.0/plexus-utils-3.1.0.pom
2019-03-26 14:28:44,201 [Worker-10] INFO  o.e.m.c.i.e.AbstractTransferListenerAdapter - Downloaded https://repo.maven.apache.org/maven2/org/codehaus/plexus/plexus-utils/3.1.0/plexus-utils-3.1.0.pom
2019-03-26 14:28:44,481 [Worker-10] INFO  o.e.m.c.i.e.AbstractTransferListenerAdapter - Downloading https://repo.maven.apache.org/maven2/org/codehaus/plexus/plexus-io/3.0.1/plexus-io-3.0.1.pom
2019-03-26 14:28:44,794 [Worker-10] INFO  o.e.m.c.i.e.AbstractTransferListenerAdapter - Downloaded https://repo.maven.apache.org/maven2/org/codehaus/plexus/plexus-io/3.0.1/plexus-io-3.0.1.pom
2019-03-26 14:28:45,081 [Worker-10] INFO  o.e.m.c.i.e.AbstractTransferListenerAdapter - Downloading https://repo.maven.apache.org/maven2/commons-io/commons-io/2.6/commons-io-2.6.pom
2019-03-26 14:28:45,387 [Worker-10] INFO  o.e.m.c.i.e.AbstractTransferListenerAdapter - Downloaded https://repo.maven.apache.org/maven2/commons-io/commons-io/2.6/commons-io-2.6.pom
2019-03-26 14:28:45,685 [Worker-10] INFO  o.e.m.c.i.e.AbstractTransferListenerAdapter - Downloading https://repo.maven.apache.org/maven2/org/apache/commons/commons-compress/1.16.1/commons-compress-1.16.1.pom
2019-03-26 14:28:45,990 [Worker-10] INFO  o.e.m.c.i.e.AbstractTransferListenerAdapter - Downloaded https://repo.maven.apache.org/maven2/org/apache/commons/commons-compress/1.16.1/commons-compress-1.16.1.pom
2019-03-26 14:28:46,268 [Worker-10] INFO  o.e.m.c.i.e.AbstractTransferListenerAdapter - Downloading https://repo.maven.apache.org/maven2/org/apache/commons/commons-parent/43/commons-parent-43.pom
2019-03-26 14:28:46,595 [Worker-10] INFO  o.e.m.c.i.e.AbstractTransferListenerAdapter - Downloaded https://repo.maven.apache.org/maven2/org/apache/commons/commons-parent/43/commons-parent-43.pom
2019-03-26 14:28:46,937 [Worker-10] INFO  o.e.m.c.i.e.AbstractTransferListenerAdapter - Downloading https://repo.maven.apache.org/maven2/org/objenesis/objenesis/2.6/objenesis-2.6.pom
2019-03-26 14:28:47,244 [Worker-10] INFO  o.e.m.c.i.e.AbstractTransferListenerAdapter - Downloaded https://repo.maven.apache.org/maven2/org/objenesis/objenesis/2.6/objenesis-2.6.pom
2019-03-26 14:28:47,556 [Worker-10] INFO  o.e.m.c.i.e.AbstractTransferListenerAdapter - Downloading https://repo.maven.apache.org/maven2/org/objenesis/objenesis-parent/2.6/objenesis-parent-2.6.pom
2019-03-26 14:28:47,871 [Worker-10] INFO  o.e.m.c.i.e.AbstractTransferListenerAdapter - Downloaded https://repo.maven.apache.org/maven2/org/objenesis/objenesis-parent/2.6/objenesis-parent-2.6.pom
2019-03-26 14:28:48,185 [Worker-10] INFO  o.e.m.c.i.e.AbstractTransferListenerAdapter - Downloading https://repo.maven.apache.org/maven2/org/tukaani/xz/1.8/xz-1.8.pom
2019-03-26 14:28:48,475 [Worker-10] INFO  o.e.m.c.i.e.AbstractTransferListenerAdapter - Downloaded https://repo.maven.apache.org/maven2/org/tukaani/xz/1.8/xz-1.8.pom
2019-03-26 14:28:48,762 [Worker-10] INFO  o.e.m.c.i.e.AbstractTransferListenerAdapter - Downloading https://repo.maven.apache.org/maven2/org/codehaus/plexus/plexus-interpolation/1.25/plexus-interpolation-1.25.pom
2019-03-26 14:28:49,057 [Worker-10] INFO  o.e.m.c.i.e.AbstractTransferListenerAdapter - Downloaded https://repo.maven.apache.org/maven2/org/codehaus/plexus/plexus-interpolation/1.25/plexus-interpolation-1.25.pom
2019-03-26 14:28:49,365 [Worker-10] INFO  o.e.m.c.i.e.AbstractTransferListenerAdapter - Downloading https://repo.maven.apache.org/maven2/org/codehaus/plexus/plexus/5.1/plexus-5.1.pom
2019-03-26 14:28:49,654 [Worker-10] INFO  o.e.m.c.i.e.AbstractTransferListenerAdapter - Downloaded https://repo.maven.apache.org/maven2/org/codehaus/plexus/plexus/5.1/plexus-5.1.pom
2019-03-26 14:28:49,952 [Worker-10] INFO  o.e.m.c.i.e.AbstractTransferListenerAdapter - Downloading https://repo.maven.apache.org/maven2/com/thoughtworks/xstream/xstream/1.4.10/xstream-1.4.10.pom
2019-03-26 14:28:50,261 [Worker-10] INFO  o.e.m.c.i.e.AbstractTransferListenerAdapter - Downloaded https://repo.maven.apache.org/maven2/com/thoughtworks/xstream/xstream/1.4.10/xstream-1.4.10.pom
2019-03-26 14:28:50,559 [Worker-10] INFO  o.e.m.c.i.e.AbstractTransferListenerAdapter - Downloading https://repo.maven.apache.org/maven2/com/thoughtworks/xstream/xstream-parent/1.4.10/xstream-parent-1.4.10.pom
2019-03-26 14:28:50,859 [Worker-10] INFO  o.e.m.c.i.e.AbstractTransferListenerAdapter - Downloaded https://repo.maven.apache.org/maven2/com/thoughtworks/xstream/xstream-parent/1.4.10/xstream-parent-1.4.10.pom
2019-03-26 14:28:51,177 [Worker-10] INFO  o.e.m.c.i.e.AbstractTransferListenerAdapter - Downloading https://repo.maven.apache.org/maven2/xmlpull/xmlpull/1.1.3.1/xmlpull-1.1.3.1.pom
2019-03-26 14:28:51,466 [Worker-10] INFO  o.e.m.c.i.e.AbstractTransferListenerAdapter - Downloaded https://repo.maven.apache.org/maven2/xmlpull/xmlpull/1.1.3.1/xmlpull-1.1.3.1.pom
2019-03-26 14:28:51,947 [Worker-10] INFO  o.e.m.c.i.e.AbstractTransferListenerAdapter - Downloading https://repo.maven.apache.org/maven2/org/apache/maven/shared/maven-mapping/3.0.0/maven-mapping-3.0.0.pom
2019-03-26 14:28:52,247 [Worker-10] INFO  o.e.m.c.i.e.AbstractTransferListenerAdapter - Downloaded https://repo.maven.apache.org/maven2/org/apache/maven/shared/maven-mapping/3.0.0/maven-mapping-3.0.0.pom
2019-03-26 14:28:52,645 [Worker-10] INFO  o.e.m.c.i.e.AbstractTransferListenerAdapter - Downloading https://repo.maven.apache.org/maven2/org/codehaus/plexus/plexus-interpolation/1.21/plexus-interpolation-1.21.pom
2019-03-26 14:28:52,957 [Worker-10] INFO  o.e.m.c.i.e.AbstractTransferListenerAdapter - Downloaded https://repo.maven.apache.org/maven2/org/codehaus/plexus/plexus-interpolation/1.21/plexus-interpolation-1.21.pom
2019-03-26 14:28:53,296 [Worker-10] INFO  o.e.m.c.i.e.AbstractTransferListenerAdapter - Downloading https://repo.maven.apache.org/maven2/org/apache/maven/maven-archiver/3.2.0/maven-archiver-3.2.0.jar
2019-03-26 14:28:53,734 [Worker-10] INFO  o.e.m.c.i.e.AbstractTransferListenerAdapter - Downloaded https://repo.maven.apache.org/maven2/org/apache/maven/maven-archiver/3.2.0/maven-archiver-3.2.0.jar
2019-03-26 14:28:53,996 [Worker-10] INFO  o.e.m.c.i.e.AbstractTransferListenerAdapter - Downloading https://repo.maven.apache.org/maven2/org/apache/maven/shared/maven-shared-utils/3.2.0/maven-shared-utils-3.2.0.jar
2019-03-26 14:28:54,885 [Worker-10] INFO  o.e.m.c.i.e.AbstractTransferListenerAdapter - Downloaded https://repo.maven.apache.org/maven2/org/apache/maven/shared/maven-shared-utils/3.2.0/maven-shared-utils-3.2.0.jar
2019-03-26 14:28:55,148 [Worker-10] INFO  o.e.m.c.i.e.AbstractTransferListenerAdapter - Downloading https://repo.maven.apache.org/maven2/org/codehaus/plexus/plexus-archiver/3.6.0/plexus-archiver-3.6.0.jar
2019-03-26 14:28:56,459 [Worker-10] INFO  o.e.m.c.i.e.AbstractTransferListenerAdapter - Downloaded https://repo.maven.apache.org/maven2/org/codehaus/plexus/plexus-archiver/3.6.0/plexus-archiver-3.6.0.jar
2019-03-26 14:28:56,709 [Worker-10] INFO  o.e.m.c.i.e.AbstractTransferListenerAdapter - Downloading https://repo.maven.apache.org/maven2/org/codehaus/plexus/plexus-io/3.0.1/plexus-io-3.0.1.jar
2019-03-26 14:28:57,120 [Worker-10] INFO  o.e.m.c.i.e.AbstractTransferListenerAdapter - Downloaded https://repo.maven.apache.org/maven2/org/codehaus/plexus/plexus-io/3.0.1/plexus-io-3.0.1.jar
2019-03-26 14:28:57,392 [Worker-10] INFO  o.e.m.c.i.e.AbstractTransferListenerAdapter - Downloading https://repo.maven.apache.org/maven2/org/apache/commons/commons-compress/1.16.1/commons-compress-1.16.1.jar
2019-03-26 14:28:59,144 [Worker-10] INFO  o.e.m.c.i.e.AbstractTransferListenerAdapter - Downloaded https://repo.maven.apache.org/maven2/org/apache/commons/commons-compress/1.16.1/commons-compress-1.16.1.jar
2019-03-26 14:28:59,407 [Worker-10] INFO  o.e.m.c.i.e.AbstractTransferListenerAdapter - Downloading https://repo.maven.apache.org/maven2/org/objenesis/objenesis/2.6/objenesis-2.6.jar
2019-03-26 14:28:59,792 [Worker-10] INFO  o.e.m.c.i.e.AbstractTransferListenerAdapter - Downloaded https://repo.maven.apache.org/maven2/org/objenesis/objenesis/2.6/objenesis-2.6.jar
2019-03-26 14:29:00,045 [Worker-10] INFO  o.e.m.c.i.e.AbstractTransferListenerAdapter - Downloading https://repo.maven.apache.org/maven2/org/tukaani/xz/1.8/xz-1.8.jar
2019-03-26 14:29:01,653 [Worker-10] INFO  o.e.m.c.i.e.AbstractTransferListenerAdapter - Downloaded https://repo.maven.apache.org/maven2/org/tukaani/xz/1.8/xz-1.8.jar
2019-03-26 14:29:01,921 [Worker-10] INFO  o.e.m.c.i.e.AbstractTransferListenerAdapter - Downloading https://repo.maven.apache.org/maven2/org/codehaus/plexus/plexus-interpolation/1.25/plexus-interpolation-1.25.jar
2019-03-26 14:29:02,632 [Worker-10] INFO  o.e.m.c.i.e.AbstractTransferListenerAdapter - Downloaded https://repo.maven.apache.org/maven2/org/codehaus/plexus/plexus-interpolation/1.25/plexus-interpolation-1.25.jar
2019-03-26 14:29:02,910 [Worker-10] INFO  o.e.m.c.i.e.AbstractTransferListenerAdapter - Downloading https://repo.maven.apache.org/maven2/com/thoughtworks/xstream/xstream/1.4.10/xstream-1.4.10.jar
2019-03-26 14:29:04,887 [Worker-10] INFO  o.e.m.c.i.e.AbstractTransferListenerAdapter - Downloaded https://repo.maven.apache.org/maven2/com/thoughtworks/xstream/xstream/1.4.10/xstream-1.4.10.jar
2019-03-26 14:29:05,147 [Worker-10] INFO  o.e.m.c.i.e.AbstractTransferListenerAdapter - Downloading https://repo.maven.apache.org/maven2/xmlpull/xmlpull/1.1.3.1/xmlpull-1.1.3.1.jar
2019-03-26 14:29:05,513 [Worker-10] INFO  o.e.m.c.i.e.AbstractTransferListenerAdapter - Downloaded https://repo.maven.apache.org/maven2/xmlpull/xmlpull/1.1.3.1/xmlpull-1.1.3.1.jar
2019-03-26 14:29:05,784 [Worker-10] INFO  o.e.m.c.i.e.AbstractTransferListenerAdapter - Downloading https://repo.maven.apache.org/maven2/org/codehaus/plexus/plexus-utils/3.1.0/plexus-utils-3.1.0.jar
2019-03-26 14:29:07,298 [Worker-10] INFO  o.e.m.c.i.e.AbstractTransferListenerAdapter - Downloaded https://repo.maven.apache.org/maven2/org/codehaus/plexus/plexus-utils/3.1.0/plexus-utils-3.1.0.jar
2019-03-26 14:29:07,556 [Worker-10] INFO  o.e.m.c.i.e.AbstractTransferListenerAdapter - Downloading https://repo.maven.apache.org/maven2/org/apache/maven/shared/maven-mapping/3.0.0/maven-mapping-3.0.0.jar
2019-03-26 14:29:07,944 [Worker-10] INFO  o.e.m.c.i.e.AbstractTransferListenerAdapter - Downloaded https://repo.maven.apache.org/maven2/org/apache/maven/shared/maven-mapping/3.0.0/maven-mapping-3.0.0.jar
2019-03-26 14:29:10,881 [Worker-10] INFO  o.e.m.j.i.AbstractJavaProjectConfigurator - Adding source folder /hospitalApp/src/main/java
2019-03-26 14:29:10,891 [Worker-10] INFO  o.e.m.j.i.AbstractJavaProjectConfigurator - Adding source folder /hospitalApp/src/test/java
2019-03-26 14:29:17,351 [Worker-10] INFO  o.e.m.c.i.e.AbstractTransferListenerAdapter - Downloading https://repo.maven.apache.org/maven2/org/apache/maven/plugins/maven-clean-plugin/3.1.0/maven-clean-plugin-3.1.0.pom
2019-03-26 14:29:17,736 [Worker-10] INFO  o.e.m.c.i.e.AbstractTransferListenerAdapter - Downloaded https://repo.maven.apache.org/maven2/org/apache/maven/plugins/maven-clean-plugin/3.1.0/maven-clean-plugin-3.1.0.pom
2019-03-26 14:29:18,231 [Worker-10] INFO  o.e.m.c.i.p.ProjectConfigurationManager - Imported and configured 1 project(s) in 52 sec
2019-03-26 14:29:20,072 [Worker-3] INFO  o.e.m.c.i.embedder.EclipseLogger - Using 'UTF-8' encoding to copy filtered resources.
2019-03-26 14:29:20,090 [Worker-3] INFO  o.e.m.c.i.embedder.EclipseLogger - skip non existing resourceDirectory C:\Users\manoj.kulakarni\hibernate-JSP-workspace\hospitalApp\src\main\resources
2019-03-26 14:29:20,113 [Worker-3] INFO  o.e.m.c.i.embedder.EclipseLogger - Using 'UTF-8' encoding to copy filtered resources.
2019-03-26 14:29:20,113 [Worker-3] INFO  o.e.m.c.i.embedder.EclipseLogger - skip non existing resourceDirectory C:\Users\manoj.kulakarni\hibernate-JSP-workspace\hospitalApp\src\test\resources
2019-03-26 14:32:04,848 [Worker-27] INFO  o.e.m.c.i.embedder.EclipseLogger - Using 'UTF-8' encoding to copy filtered resources.
2019-03-26 14:32:04,849 [Worker-27] INFO  o.e.m.c.i.embedder.EclipseLogger - skip non existing resourceDirectory C:\Users\manoj.kulakarni\hibernate-JSP-workspace\hospitalApp\src\main\resources
2019-03-26 14:32:04,852 [Worker-27] INFO  o.e.m.c.i.embedder.EclipseLogger - Using 'UTF-8' encoding to copy filtered resources.
2019-03-26 14:32:04,852 [Worker-27] INFO  o.e.m.c.i.embedder.EclipseLogger - skip non existing resourceDirectory C:\Users\manoj.kulakarni\hibernate-JSP-workspace\hospitalApp\src\test\resources
2019-03-26 14:37:15,700 [Worker-34] INFO  o.e.m.c.i.l.LifecycleMappingFactory - Using org.maven.ide.eclipse.wtp.WarLifecycleMapping lifecycle mapping for MavenProject: com.evry:hospitalApp:0.0.1-SNAPSHOT @ C:\Users\manoj.kulakarni\hibernate-JSP-workspace\hospitalApp\pom.xml.
2019-03-26 14:37:17,946 [Worker-34] INFO  o.e.m.c.i.embedder.EclipseLogger - Using 'UTF-8' encoding to copy filtered resources.
2019-03-26 14:37:17,954 [Worker-34] INFO  o.e.m.c.i.embedder.EclipseLogger - skip non existing resourceDirectory C:\Users\manoj.kulakarni\hibernate-JSP-workspace\hospitalApp\src\main\resources
2019-03-26 14:37:17,966 [Worker-34] INFO  o.e.m.c.i.embedder.EclipseLogger - Using 'UTF-8' encoding to copy filtered resources.
2019-03-26 14:37:17,974 [Worker-34] INFO  o.e.m.c.i.embedder.EclipseLogger - skip non existing resourceDirectory C:\Users\manoj.kulakarni\hibernate-JSP-workspace\hospitalApp\src\test\resources
2019-03-26 14:37:17,974 [Worker-34] INFO  o.e.m.w.i.f.ResourceFilteringBuildParticipant - Changed resources require a complete clean of filtered resources of hospitalApp
2019-03-26 14:37:17,976 [Worker-34] INFO  o.e.m.w.i.f.ResourceFilteringBuildParticipant - Executing resource filtering for hospitalApp
2019-03-26 14:37:17,984 [Worker-34] INFO  o.e.m.c.i.embedder.EclipseLogger - Using 'UTF-8' encoding to copy filtered resources.
2019-03-26 14:37:18,582 [Worker-29] INFO  o.e.m.c.i.embedder.EclipseLogger - Using 'UTF-8' encoding to copy filtered resources.
2019-03-26 14:37:18,582 [Worker-29] INFO  o.e.m.c.i.embedder.EclipseLogger - skip non existing resourceDirectory C:\Users\manoj.kulakarni\hibernate-JSP-workspace\hospitalApp\src\main\resources
2019-03-26 14:37:18,584 [Worker-29] INFO  o.e.m.c.i.embedder.EclipseLogger - Using 'UTF-8' encoding to copy filtered resources.
2019-03-26 14:37:18,584 [Worker-29] INFO  o.e.m.c.i.embedder.EclipseLogger - skip non existing resourceDirectory C:\Users\manoj.kulakarni\hibernate-JSP-workspace\hospitalApp\src\test\resources
2019-03-26 14:39:24,194 [Worker-35] INFO  o.e.m.c.i.embedder.EclipseLogger - Using 'UTF-8' encoding to copy filtered resources.
2019-03-26 14:39:24,194 [Worker-35] INFO  o.e.m.c.i.embedder.EclipseLogger - skip non existing resourceDirectory C:\Users\manoj.kulakarni\hibernate-JSP-workspace\hospitalApp\src\main\resources
2019-03-26 14:39:24,196 [Worker-35] INFO  o.e.m.c.i.embedder.EclipseLogger - Using 'UTF-8' encoding to copy filtered resources.
2019-03-26 14:39:24,196 [Worker-35] INFO  o.e.m.c.i.embedder.EclipseLogger - skip non existing resourceDirectory C:\Users\manoj.kulakarni\hibernate-JSP-workspace\hospitalApp\src\test\resources
2019-03-26 14:44:24,401 [Worker-32] INFO  o.e.m.c.i.embedder.EclipseLogger - Using 'UTF-8' encoding to copy filtered resources.
2019-03-26 14:44:24,401 [Worker-32] INFO  o.e.m.c.i.embedder.EclipseLogger - skip non existing resourceDirectory C:\Users\manoj.kulakarni\hibernate-JSP-workspace\hospitalApp\src\main\resources
2019-03-26 14:44:24,417 [Worker-32] INFO  o.e.m.c.i.embedder.EclipseLogger - Using 'UTF-8' encoding to copy filtered resources.
2019-03-26 14:44:24,423 [Worker-32] INFO  o.e.m.c.i.embedder.EclipseLogger - skip non existing resourceDirectory C:\Users\manoj.kulakarni\hibernate-JSP-workspace\hospitalApp\src\test\resources
2019-03-26 14:52:42,085 [Worker-41] INFO  o.e.m.c.i.embedder.EclipseLogger - Using 'UTF-8' encoding to copy filtered resources.
2019-03-26 14:52:42,086 [Worker-41] INFO  o.e.m.c.i.embedder.EclipseLogger - skip non existing resourceDirectory C:\Users\manoj.kulakarni\hibernate-JSP-workspace\hospitalApp\src\main\resources
2019-03-26 14:52:42,088 [Worker-41] INFO  o.e.m.c.i.embedder.EclipseLogger - Using 'UTF-8' encoding to copy filtered resources.
2019-03-26 14:52:42,088 [Worker-41] INFO  o.e.m.c.i.embedder.EclipseLogger - skip non existing resourceDirectory C:\Users\manoj.kulakarni\hibernate-JSP-workspace\hospitalApp\src\test\resources
2019-03-26 14:53:14,327 [Worker-43] INFO  o.e.m.c.i.embedder.EclipseLogger - Using 'UTF-8' encoding to copy filtered resources.
2019-03-26 14:53:14,342 [Worker-43] INFO  o.e.m.c.i.embedder.EclipseLogger - skip non existing resourceDirectory C:\Users\manoj.kulakarni\hibernate-JSP-workspace\hospitalApp\src\main\resources
2019-03-26 14:53:14,353 [Worker-43] INFO  o.e.m.c.i.embedder.EclipseLogger - Using 'UTF-8' encoding to copy filtered resources.
2019-03-26 14:53:14,353 [Worker-43] INFO  o.e.m.c.i.embedder.EclipseLogger - skip non existing resourceDirectory C:\Users\manoj.kulakarni\hibernate-JSP-workspace\hospitalApp\src\test\resources
2019-03-26 15:04:31,934 [Worker-43] INFO  o.e.m.c.i.embedder.EclipseLogger - Using 'UTF-8' encoding to copy filtered resources.
2019-03-26 15:04:31,934 [Worker-43] INFO  o.e.m.c.i.embedder.EclipseLogger - skip non existing resourceDirectory C:\Users\manoj.kulakarni\hibernate-JSP-workspace\hospitalApp\src\main\resources
2019-03-26 15:04:31,936 [Worker-43] INFO  o.e.m.c.i.embedder.EclipseLogger - Using 'UTF-8' encoding to copy filtered resources.
2019-03-26 15:04:31,936 [Worker-43] INFO  o.e.m.c.i.embedder.EclipseLogger - skip non existing resourceDirectory C:\Users\manoj.kulakarni\hibernate-JSP-workspace\hospitalApp\src\test\resources
2019-03-26 15:04:33,121 [Worker-42] INFO  o.e.m.c.i.embedder.EclipseLogger - Using 'UTF-8' encoding to copy filtered resources.
2019-03-26 15:04:33,142 [Worker-42] INFO  o.e.m.c.i.embedder.EclipseLogger - skip non existing resourceDirectory C:\Users\manoj.kulakarni\hibernate-JSP-workspace\hospitalApp\src\main\resources
2019-03-26 15:04:33,155 [Worker-42] INFO  o.e.m.c.i.embedder.EclipseLogger - Using 'UTF-8' encoding to copy filtered resources.
2019-03-26 15:04:33,155 [Worker-42] INFO  o.e.m.c.i.embedder.EclipseLogger - skip non existing resourceDirectory C:\Users\manoj.kulakarni\hibernate-JSP-workspace\hospitalApp\src\test\resources
2019-03-26 15:05:10,576 [Worker-46] INFO  o.e.m.c.i.embedder.EclipseLogger - Using 'UTF-8' encoding to copy filtered resources.
2019-03-26 15:05:10,576 [Worker-46] INFO  o.e.m.c.i.embedder.EclipseLogger - skip non existing resourceDirectory C:\Users\manoj.kulakarni\hibernate-JSP-workspace\hospitalApp\src\main\resources
2019-03-26 15:05:10,578 [Worker-46] INFO  o.e.m.c.i.embedder.EclipseLogger - Using 'UTF-8' encoding to copy filtered resources.
2019-03-26 15:05:10,579 [Worker-46] INFO  o.e.m.c.i.embedder.EclipseLogger - skip non existing resourceDirectory C:\Users\manoj.kulakarni\hibernate-JSP-workspace\hospitalApp\src\test\resources
2019-03-26 15:05:52,806 [Worker-46] INFO  o.e.m.c.i.embedder.EclipseLogger - Using 'UTF-8' encoding to copy filtered resources.
2019-03-26 15:05:52,814 [Worker-46] INFO  o.e.m.c.i.embedder.EclipseLogger - skip non existing resourceDirectory C:\Users\manoj.kulakarni\hibernate-JSP-workspace\hospitalApp\src\main\resources
2019-03-26 15:05:52,823 [Worker-46] INFO  o.e.m.c.i.embedder.EclipseLogger - Using 'UTF-8' encoding to copy filtered resources.
2019-03-26 15:05:52,824 [Worker-46] INFO  o.e.m.c.i.embedder.EclipseLogger - skip non existing resourceDirectory C:\Users\manoj.kulakarni\hibernate-JSP-workspace\hospitalApp\src\test\resources
2019-03-26 15:08:34,891 [Worker-47] INFO  o.e.m.c.i.embedder.EclipseLogger - Using 'UTF-8' encoding to copy filtered resources.
2019-03-26 15:08:34,891 [Worker-47] INFO  o.e.m.c.i.embedder.EclipseLogger - skip non existing resourceDirectory C:\Users\manoj.kulakarni\hibernate-JSP-workspace\hospitalApp\src\main\resources
2019-03-26 15:08:34,893 [Worker-47] INFO  o.e.m.c.i.embedder.EclipseLogger - Using 'UTF-8' encoding to copy filtered resources.
2019-03-26 15:08:34,894 [Worker-47] INFO  o.e.m.c.i.embedder.EclipseLogger - skip non existing resourceDirectory C:\Users\manoj.kulakarni\hibernate-JSP-workspace\hospitalApp\src\test\resources
2019-03-26 15:09:07,667 [Worker-46] INFO  o.e.m.c.i.embedder.EclipseLogger - Using 'UTF-8' encoding to copy filtered resources.
2019-03-26 15:09:07,682 [Worker-46] INFO  o.e.m.c.i.embedder.EclipseLogger - skip non existing resourceDirectory C:\Users\manoj.kulakarni\hibernate-JSP-workspace\hospitalApp\src\main\resources
2019-03-26 15:09:07,696 [Worker-46] INFO  o.e.m.c.i.embedder.EclipseLogger - Using 'UTF-8' encoding to copy filtered resources.
2019-03-26 15:09:07,696 [Worker-46] INFO  o.e.m.c.i.embedder.EclipseLogger - skip non existing resourceDirectory C:\Users\manoj.kulakarni\hibernate-JSP-workspace\hospitalApp\src\test\resources
2019-03-26 15:10:04,696 [Worker-45] INFO  o.e.m.c.i.embedder.EclipseLogger - Using 'UTF-8' encoding to copy filtered resources.
2019-03-26 15:10:04,697 [Worker-45] INFO  o.e.m.c.i.embedder.EclipseLogger - skip non existing resourceDirectory C:\Users\manoj.kulakarni\hibernate-JSP-workspace\hospitalApp\src\main\resources
2019-03-26 15:10:04,699 [Worker-45] INFO  o.e.m.c.i.embedder.EclipseLogger - Using 'UTF-8' encoding to copy filtered resources.
2019-03-26 15:10:04,700 [Worker-45] INFO  o.e.m.c.i.embedder.EclipseLogger - skip non existing resourceDirectory C:\Users\manoj.kulakarni\hibernate-JSP-workspace\hospitalApp\src\test\resources
2019-03-26 15:11:41,687 [Worker-47] INFO  o.e.m.c.i.embedder.EclipseLogger - Using 'UTF-8' encoding to copy filtered resources.
2019-03-26 15:11:41,702 [Worker-47] INFO  o.e.m.c.i.embedder.EclipseLogger - skip non existing resourceDirectory C:\Users\manoj.kulakarni\hibernate-JSP-workspace\hospitalApp\src\main\resources
2019-03-26 15:11:41,714 [Worker-47] INFO  o.e.m.c.i.embedder.EclipseLogger - Using 'UTF-8' encoding to copy filtered resources.
2019-03-26 15:11:41,714 [Worker-47] INFO  o.e.m.c.i.embedder.EclipseLogger - skip non existing resourceDirectory C:\Users\manoj.kulakarni\hibernate-JSP-workspace\hospitalApp\src\test\resources
2019-03-26 15:13:41,529 [Worker-42] INFO  o.e.m.c.i.embedder.EclipseLogger - Using 'UTF-8' encoding to copy filtered resources.
2019-03-26 15:13:41,530 [Worker-42] INFO  o.e.m.c.i.embedder.EclipseLogger - skip non existing resourceDirectory C:\Users\manoj.kulakarni\hibernate-JSP-workspace\hospitalApp\src\main\resources
2019-03-26 15:13:41,532 [Worker-42] INFO  o.e.m.c.i.embedder.EclipseLogger - Using 'UTF-8' encoding to copy filtered resources.
2019-03-26 15:13:41,532 [Worker-42] INFO  o.e.m.c.i.embedder.EclipseLogger - skip non existing resourceDirectory C:\Users\manoj.kulakarni\hibernate-JSP-workspace\hospitalApp\src\test\resources
2019-03-26 15:14:32,293 [Worker-29] WARN  o.e.r.models.ModelRepository - Failed to download org.eclipse.recommenders:index::zip:0.0.0
org.eclipse.aether.resolution.ArtifactResolutionException: Could not transfer artifact org.eclipse.recommenders:index:zip:0.0.0-20171110.192552-1 from/to models (http://download.eclipse.org/recommenders/models/oxygen/): Forbidden (403)
	at org.eclipse.aether.internal.impl.DefaultArtifactResolver.resolve(DefaultArtifactResolver.java:453) ~[na:na]
	at org.eclipse.aether.internal.impl.DefaultArtifactResolver.resolveArtifacts(DefaultArtifactResolver.java:255) ~[na:na]
	at org.eclipse.aether.internal.impl.DefaultArtifactResolver.resolveArtifact(DefaultArtifactResolver.java:232) ~[na:na]
	at org.eclipse.aether.internal.impl.DefaultRepositorySystem.resolveArtifact(DefaultRepositorySystem.java:303) ~[na:na]
	at org.eclipse.recommenders.models.ModelRepository.resolveInternal(ModelRepository.java:193) [org.eclipse.recommenders.models_2.5.1.v20180228-0833.jar:na]
	at org.eclipse.recommenders.models.ModelRepository.resolve(ModelRepository.java:172) [org.eclipse.recommenders.models_2.5.1.v20180228-0833.jar:na]
	at org.eclipse.recommenders.internal.models.rcp.EclipseModelRepository.resolve(EclipseModelRepository.java:168) [org.eclipse.recommenders.models.rcp_2.5.1.v20180228-0833.jar:na]
	at org.eclipse.recommenders.internal.models.rcp.DownloadModelArchiveJob.run(DownloadModelArchiveJob.java:76) [org.eclipse.recommenders.models.rcp_2.5.1.v20180228-0833.jar:na]
	at org.eclipse.core.internal.jobs.Worker.run(Worker.java:56) [org.eclipse.core.jobs_3.9.3.v20180115-1757.jar:na]
Caused by: org.eclipse.aether.transfer.ArtifactTransferException: Could not transfer artifact org.eclipse.recommenders:index:zip:0.0.0-20171110.192552-1 from/to models (http://download.eclipse.org/recommenders/models/oxygen/): Forbidden (403)
	at org.eclipse.aether.connector.basic.ArtifactTransportListener.transferFailed(ArtifactTransportListener.java:52) ~[org.apache.maven.resolver.connector.basic_1.0.3.v20170405-0725.jar:1.0.3]
	at org.eclipse.aether.connector.basic.BasicRepositoryConnector$TaskRunner.run(BasicRepositoryConnector.java:364) ~[org.apache.maven.resolver.connector.basic_1.0.3.v20170405-0725.jar:1.0.3]
	at org.eclipse.aether.util.concurrency.RunnableErrorForwarder$1.run(RunnableErrorForwarder.java:76) ~[na:na]
	at org.eclipse.aether.connector.basic.BasicRepositoryConnector$DirectExecutor.execute(BasicRepositoryConnector.java:590) ~[org.apache.maven.resolver.connector.basic_1.0.3.v20170405-0725.jar:1.0.3]
	at org.eclipse.aether.connector.basic.BasicRepositoryConnector.get(BasicRepositoryConnector.java:258) ~[org.apache.maven.resolver.connector.basic_1.0.3.v20170405-0725.jar:1.0.3]
	at org.eclipse.aether.internal.impl.DefaultArtifactResolver.performDownloads(DefaultArtifactResolver.java:529) ~[na:na]
	at org.eclipse.aether.internal.impl.DefaultArtifactResolver.resolve(DefaultArtifactResolver.java:430) ~[na:na]
	... 8 common frames omitted
Caused by: org.apache.http.client.HttpResponseException: Forbidden (403)
	at org.eclipse.aether.transport.http.HttpTransporter.handleStatus(HttpTransporter.java:475) ~[org.apache.maven.resolver.transport.http_1.0.3.v20170405-0725.jar:1.0.3]
	at org.eclipse.aether.transport.http.HttpTransporter.execute(HttpTransporter.java:300) ~[org.apache.maven.resolver.transport.http_1.0.3.v20170405-0725.jar:1.0.3]
	at org.eclipse.aether.transport.http.HttpTransporter.implGet(HttpTransporter.java:252) ~[org.apache.maven.resolver.transport.http_1.0.3.v20170405-0725.jar:1.0.3]
	at org.eclipse.aether.spi.connector.transport.AbstractTransporter.get(AbstractTransporter.java:68) ~[org.apache.maven.resolver.spi_1.0.3.v20170405-0725.jar:1.0.3]
	at org.eclipse.aether.connector.basic.BasicRepositoryConnector$GetTaskRunner.runTask(BasicRepositoryConnector.java:456) ~[org.apache.maven.resolver.connector.basic_1.0.3.v20170405-0725.jar:1.0.3]
	at org.eclipse.aether.connector.basic.BasicRepositoryConnector$TaskRunner.run(BasicRepositoryConnector.java:359) ~[org.apache.maven.resolver.connector.basic_1.0.3.v20170405-0725.jar:1.0.3]
	... 13 common frames omitted
2019-03-26 15:15:06,015 [Worker-42] INFO  o.e.m.c.i.embedder.EclipseLogger - Using 'UTF-8' encoding to copy filtered resources.
2019-03-26 15:15:06,025 [Worker-42] INFO  o.e.m.c.i.embedder.EclipseLogger - skip non existing resourceDirectory C:\Users\manoj.kulakarni\hibernate-JSP-workspace\hospitalApp\src\main\resources
2019-03-26 15:15:06,037 [Worker-42] INFO  o.e.m.c.i.embedder.EclipseLogger - Using 'UTF-8' encoding to copy filtered resources.
2019-03-26 15:15:06,049 [Worker-42] INFO  o.e.m.c.i.embedder.EclipseLogger - skip non existing resourceDirectory C:\Users\manoj.kulakarni\hibernate-JSP-workspace\hospitalApp\src\test\resources
2019-03-26 15:15:26,733 [Worker-49] INFO  o.e.m.c.i.embedder.EclipseLogger - Using 'UTF-8' encoding to copy filtered resources.
2019-03-26 15:15:26,734 [Worker-49] INFO  o.e.m.c.i.embedder.EclipseLogger - skip non existing resourceDirectory C:\Users\manoj.kulakarni\hibernate-JSP-workspace\hospitalApp\src\main\resources
2019-03-26 15:15:26,737 [Worker-49] INFO  o.e.m.c.i.embedder.EclipseLogger - Using 'UTF-8' encoding to copy filtered resources.
2019-03-26 15:15:26,754 [Worker-49] INFO  o.e.m.c.i.embedder.EclipseLogger - skip non existing resourceDirectory C:\Users\manoj.kulakarni\hibernate-JSP-workspace\hospitalApp\src\test\resources
2019-03-26 15:15:53,321 [Worker-45] INFO  o.e.m.c.i.embedder.EclipseLogger - Using 'UTF-8' encoding to copy filtered resources.
2019-03-26 15:15:53,340 [Worker-45] INFO  o.e.m.c.i.embedder.EclipseLogger - skip non existing resourceDirectory C:\Users\manoj.kulakarni\hibernate-JSP-workspace\hospitalApp\src\main\resources
2019-03-26 15:15:53,355 [Worker-45] INFO  o.e.m.c.i.embedder.EclipseLogger - Using 'UTF-8' encoding to copy filtered resources.
2019-03-26 15:15:53,372 [Worker-45] INFO  o.e.m.c.i.embedder.EclipseLogger - skip non existing resourceDirectory C:\Users\manoj.kulakarni\hibernate-JSP-workspace\hospitalApp\src\test\resources
2019-03-26 15:19:13,144 [Worker-47] INFO  o.e.m.c.i.embedder.EclipseLogger - Using 'UTF-8' encoding to copy filtered resources.
2019-03-26 15:19:13,144 [Worker-47] INFO  o.e.m.c.i.embedder.EclipseLogger - skip non existing resourceDirectory C:\Users\manoj.kulakarni\hibernate-JSP-workspace\hospitalApp\src\main\resources
2019-03-26 15:19:13,147 [Worker-47] INFO  o.e.m.c.i.embedder.EclipseLogger - Using 'UTF-8' encoding to copy filtered resources.
2019-03-26 15:19:13,174 [Worker-47] INFO  o.e.m.c.i.embedder.EclipseLogger - skip non existing resourceDirectory C:\Users\manoj.kulakarni\hibernate-JSP-workspace\hospitalApp\src\test\resources
2019-03-26 15:19:26,377 [Worker-48] INFO  o.e.m.c.i.embedder.EclipseLogger - Using 'UTF-8' encoding to copy filtered resources.
2019-03-26 15:19:26,383 [Worker-48] INFO  o.e.m.c.i.embedder.EclipseLogger - skip non existing resourceDirectory C:\Users\manoj.kulakarni\hibernate-JSP-workspace\hospitalApp\src\main\resources
2019-03-26 15:19:26,390 [Worker-48] INFO  o.e.m.c.i.embedder.EclipseLogger - Using 'UTF-8' encoding to copy filtered resources.
2019-03-26 15:19:26,395 [Worker-48] INFO  o.e.m.c.i.embedder.EclipseLogger - skip non existing resourceDirectory C:\Users\manoj.kulakarni\hibernate-JSP-workspace\hospitalApp\src\test\resources
2019-03-26 15:20:30,688 [Worker-46] INFO  o.e.m.c.i.embedder.EclipseLogger - Using 'UTF-8' encoding to copy filtered resources.
2019-03-26 15:20:30,688 [Worker-46] INFO  o.e.m.c.i.embedder.EclipseLogger - skip non existing resourceDirectory C:\Users\manoj.kulakarni\hibernate-JSP-workspace\hospitalApp\src\main\resources
2019-03-26 15:20:30,690 [Worker-46] INFO  o.e.m.c.i.embedder.EclipseLogger - Using 'UTF-8' encoding to copy filtered resources.
2019-03-26 15:20:30,697 [Worker-46] INFO  o.e.m.c.i.embedder.EclipseLogger - skip non existing resourceDirectory C:\Users\manoj.kulakarni\hibernate-JSP-workspace\hospitalApp\src\test\resources
2019-03-26 15:20:54,525 [Worker-47] INFO  o.e.m.c.i.embedder.EclipseLogger - Using 'UTF-8' encoding to copy filtered resources.
2019-03-26 15:20:54,533 [Worker-47] INFO  o.e.m.c.i.embedder.EclipseLogger - skip non existing resourceDirectory C:\Users\manoj.kulakarni\hibernate-JSP-workspace\hospitalApp\src\main\resources
2019-03-26 15:20:54,542 [Worker-47] INFO  o.e.m.c.i.embedder.EclipseLogger - Using 'UTF-8' encoding to copy filtered resources.
2019-03-26 15:20:54,550 [Worker-47] INFO  o.e.m.c.i.embedder.EclipseLogger - skip non existing resourceDirectory C:\Users\manoj.kulakarni\hibernate-JSP-workspace\hospitalApp\src\test\resources
2019-03-26 15:22:18,617 [Worker-42] INFO  o.e.m.c.i.embedder.EclipseLogger - Using 'UTF-8' encoding to copy filtered resources.
2019-03-26 15:22:18,617 [Worker-42] INFO  o.e.m.c.i.embedder.EclipseLogger - skip non existing resourceDirectory C:\Users\manoj.kulakarni\hibernate-JSP-workspace\hospitalApp\src\main\resources
2019-03-26 15:22:18,618 [Worker-42] INFO  o.e.m.c.i.embedder.EclipseLogger - Using 'UTF-8' encoding to copy filtered resources.
2019-03-26 15:22:18,626 [Worker-42] INFO  o.e.m.c.i.embedder.EclipseLogger - skip non existing resourceDirectory C:\Users\manoj.kulakarni\hibernate-JSP-workspace\hospitalApp\src\test\resources
2019-03-26 15:22:30,160 [Worker-29] INFO  o.e.m.c.i.embedder.EclipseLogger - Using 'UTF-8' encoding to copy filtered resources.
2019-03-26 15:22:30,169 [Worker-29] INFO  o.e.m.c.i.embedder.EclipseLogger - skip non existing resourceDirectory C:\Users\manoj.kulakarni\hibernate-JSP-workspace\hospitalApp\src\main\resources
2019-03-26 15:22:30,179 [Worker-29] INFO  o.e.m.c.i.embedder.EclipseLogger - Using 'UTF-8' encoding to copy filtered resources.
2019-03-26 15:22:30,188 [Worker-29] INFO  o.e.m.c.i.embedder.EclipseLogger - skip non existing resourceDirectory C:\Users\manoj.kulakarni\hibernate-JSP-workspace\hospitalApp\src\test\resources
2019-03-26 15:22:37,256 [Worker-29] INFO  o.e.m.c.i.embedder.EclipseLogger - Using 'UTF-8' encoding to copy filtered resources.
2019-03-26 15:22:37,256 [Worker-29] INFO  o.e.m.c.i.embedder.EclipseLogger - skip non existing resourceDirectory C:\Users\manoj.kulakarni\hibernate-JSP-workspace\hospitalApp\src\main\resources
2019-03-26 15:22:37,258 [Worker-29] INFO  o.e.m.c.i.embedder.EclipseLogger - Using 'UTF-8' encoding to copy filtered resources.
2019-03-26 15:22:37,269 [Worker-29] INFO  o.e.m.c.i.embedder.EclipseLogger - skip non existing resourceDirectory C:\Users\manoj.kulakarni\hibernate-JSP-workspace\hospitalApp\src\test\resources
2019-03-26 15:23:30,210 [Worker-46] INFO  o.e.m.c.i.embedder.EclipseLogger - Using 'UTF-8' encoding to copy filtered resources.
2019-03-26 15:23:30,222 [Worker-46] INFO  o.e.m.c.i.embedder.EclipseLogger - skip non existing resourceDirectory C:\Users\manoj.kulakarni\hibernate-JSP-workspace\hospitalApp\src\main\resources
2019-03-26 15:23:30,228 [Worker-46] INFO  o.e.m.c.i.embedder.EclipseLogger - Using 'UTF-8' encoding to copy filtered resources.
2019-03-26 15:23:30,235 [Worker-46] INFO  o.e.m.c.i.embedder.EclipseLogger - skip non existing resourceDirectory C:\Users\manoj.kulakarni\hibernate-JSP-workspace\hospitalApp\src\test\resources
2019-03-26 15:29:05,788 [Worker-49] INFO  o.e.m.c.i.embedder.EclipseLogger - Using 'UTF-8' encoding to copy filtered resources.
2019-03-26 15:29:05,789 [Worker-49] INFO  o.e.m.c.i.embedder.EclipseLogger - skip non existing resourceDirectory C:\Users\manoj.kulakarni\hibernate-JSP-workspace\hospitalApp\src\main\resources
2019-03-26 15:29:05,792 [Worker-49] INFO  o.e.m.c.i.embedder.EclipseLogger - Using 'UTF-8' encoding to copy filtered resources.
2019-03-26 15:29:05,805 [Worker-49] INFO  o.e.m.c.i.embedder.EclipseLogger - skip non existing resourceDirectory C:\Users\manoj.kulakarni\hibernate-JSP-workspace\hospitalApp\src\test\resources
2019-03-26 15:32:56,617 [Worker-48] INFO  o.e.m.c.i.embedder.EclipseLogger - Using 'UTF-8' encoding to copy filtered resources.
2019-03-26 15:32:56,618 [Worker-48] INFO  o.e.m.c.i.embedder.EclipseLogger - skip non existing resourceDirectory C:\Users\manoj.kulakarni\hibernate-JSP-workspace\hospitalApp\src\main\resources
2019-03-26 15:32:56,665 [Worker-48] INFO  o.e.m.c.i.embedder.EclipseLogger - Using 'UTF-8' encoding to copy filtered resources.
2019-03-26 15:32:56,673 [Worker-48] INFO  o.e.m.c.i.embedder.EclipseLogger - skip non existing resourceDirectory C:\Users\manoj.kulakarni\hibernate-JSP-workspace\hospitalApp\src\test\resources
2019-03-26 15:33:54,623 [Worker-49] INFO  o.e.m.c.i.embedder.EclipseLogger - Using 'UTF-8' encoding to copy filtered resources.
2019-03-26 15:33:54,624 [Worker-49] INFO  o.e.m.c.i.embedder.EclipseLogger - skip non existing resourceDirectory C:\Users\manoj.kulakarni\hibernate-JSP-workspace\hospitalApp\src\main\resources
2019-03-26 15:33:54,626 [Worker-49] INFO  o.e.m.c.i.embedder.EclipseLogger - Using 'UTF-8' encoding to copy filtered resources.
2019-03-26 15:33:54,637 [Worker-49] INFO  o.e.m.c.i.embedder.EclipseLogger - skip non existing resourceDirectory C:\Users\manoj.kulakarni\hibernate-JSP-workspace\hospitalApp\src\test\resources
2019-03-26 15:35:09,385 [Worker-52] INFO  o.e.m.c.i.embedder.EclipseLogger - Using 'UTF-8' encoding to copy filtered resources.
2019-03-26 15:35:09,398 [Worker-52] INFO  o.e.m.c.i.embedder.EclipseLogger - skip non existing resourceDirectory C:\Users\manoj.kulakarni\hibernate-JSP-workspace\hospitalApp\src\main\resources
2019-03-26 15:35:09,408 [Worker-52] INFO  o.e.m.c.i.embedder.EclipseLogger - Using 'UTF-8' encoding to copy filtered resources.
2019-03-26 15:35:09,413 [Worker-52] INFO  o.e.m.c.i.embedder.EclipseLogger - skip non existing resourceDirectory C:\Users\manoj.kulakarni\hibernate-JSP-workspace\hospitalApp\src\test\resources
2019-03-26 15:36:04,712 [Worker-51] INFO  o.e.m.c.i.embedder.EclipseLogger - Using 'UTF-8' encoding to copy filtered resources.
2019-03-26 15:36:04,712 [Worker-51] INFO  o.e.m.c.i.embedder.EclipseLogger - skip non existing resourceDirectory C:\Users\manoj.kulakarni\hibernate-JSP-workspace\hospitalApp\src\main\resources
2019-03-26 15:36:04,714 [Worker-51] INFO  o.e.m.c.i.embedder.EclipseLogger - Using 'UTF-8' encoding to copy filtered resources.
2019-03-26 15:36:04,725 [Worker-51] INFO  o.e.m.c.i.embedder.EclipseLogger - skip non existing resourceDirectory C:\Users\manoj.kulakarni\hibernate-JSP-workspace\hospitalApp\src\test\resources
2019-03-26 15:37:57,485 [Worker-47] INFO  o.e.m.c.i.embedder.EclipseLogger - Using 'UTF-8' encoding to copy filtered resources.
2019-03-26 15:37:57,523 [Worker-47] INFO  o.e.m.c.i.embedder.EclipseLogger - skip non existing resourceDirectory C:\Users\manoj.kulakarni\hibernate-JSP-workspace\hospitalApp\src\main\resources
2019-03-26 15:37:57,534 [Worker-47] INFO  o.e.m.c.i.embedder.EclipseLogger - Using 'UTF-8' encoding to copy filtered resources.
2019-03-26 15:37:57,545 [Worker-47] INFO  o.e.m.c.i.embedder.EclipseLogger - skip non existing resourceDirectory C:\Users\manoj.kulakarni\hibernate-JSP-workspace\hospitalApp\src\test\resources
2019-03-26 15:39:13,240 [Worker-44] INFO  o.e.m.c.i.embedder.EclipseLogger - Using 'UTF-8' encoding to copy filtered resources.
2019-03-26 15:39:13,240 [Worker-44] INFO  o.e.m.c.i.embedder.EclipseLogger - skip non existing resourceDirectory C:\Users\manoj.kulakarni\hibernate-JSP-workspace\hospitalApp\src\main\resources
2019-03-26 15:39:13,242 [Worker-44] INFO  o.e.m.c.i.embedder.EclipseLogger - Using 'UTF-8' encoding to copy filtered resources.
2019-03-26 15:39:13,251 [Worker-44] INFO  o.e.m.c.i.embedder.EclipseLogger - skip non existing resourceDirectory C:\Users\manoj.kulakarni\hibernate-JSP-workspace\hospitalApp\src\test\resources
2019-03-26 15:43:39,284 [Worker-52] INFO  o.e.m.c.i.embedder.EclipseLogger - Using 'UTF-8' encoding to copy filtered resources.
2019-03-26 15:43:39,299 [Worker-52] INFO  o.e.m.c.i.embedder.EclipseLogger - skip non existing resourceDirectory C:\Users\manoj.kulakarni\hibernate-JSP-workspace\hospitalApp\src\main\resources
2019-03-26 15:43:39,312 [Worker-52] INFO  o.e.m.c.i.embedder.EclipseLogger - Using 'UTF-8' encoding to copy filtered resources.
2019-03-26 15:43:39,321 [Worker-52] INFO  o.e.m.c.i.embedder.EclipseLogger - skip non existing resourceDirectory C:\Users\manoj.kulakarni\hibernate-JSP-workspace\hospitalApp\src\test\resources
2019-03-26 15:44:15,153 [Worker-44] INFO  o.e.m.c.i.embedder.EclipseLogger - Using 'UTF-8' encoding to copy filtered resources.
2019-03-26 15:44:15,154 [Worker-44] INFO  o.e.m.c.i.embedder.EclipseLogger - skip non existing resourceDirectory C:\Users\manoj.kulakarni\hibernate-JSP-workspace\hospitalApp\src\main\resources
2019-03-26 15:44:15,156 [Worker-44] INFO  o.e.m.c.i.embedder.EclipseLogger - Using 'UTF-8' encoding to copy filtered resources.
2019-03-26 15:44:15,173 [Worker-44] INFO  o.e.m.c.i.embedder.EclipseLogger - skip non existing resourceDirectory C:\Users\manoj.kulakarni\hibernate-JSP-workspace\hospitalApp\src\test\resources
2019-03-26 15:44:33,130 [Worker-52] INFO  o.e.m.c.i.embedder.EclipseLogger - Using 'UTF-8' encoding to copy filtered resources.
2019-03-26 15:44:33,157 [Worker-52] INFO  o.e.m.c.i.embedder.EclipseLogger - skip non existing resourceDirectory C:\Users\manoj.kulakarni\hibernate-JSP-workspace\hospitalApp\src\main\resources
2019-03-26 15:44:33,168 [Worker-52] INFO  o.e.m.c.i.embedder.EclipseLogger - Using 'UTF-8' encoding to copy filtered resources.
2019-03-26 15:44:33,180 [Worker-52] INFO  o.e.m.c.i.embedder.EclipseLogger - skip non existing resourceDirectory C:\Users\manoj.kulakarni\hibernate-JSP-workspace\hospitalApp\src\test\resources
2019-03-26 16:15:09,635 [Worker-57] INFO  o.e.m.c.i.p.ProjectConfigurationManager - Collecting project info '/pom.xml' C:\Users\manoj.kulakarni\hibernate-JSP-workspace\SampleHospital\pom.xml
2019-03-26 16:15:10,012 [Worker-57] INFO  o.e.m.c.i.l.LifecycleMappingFactory - Using org.maven.ide.eclipse.wtp.WarLifecycleMapping lifecycle mapping for MavenProject: com.evry:SampleHospital:0.0.1-SNAPSHOT @ C:\Users\manoj.kulakarni\hibernate-JSP-workspace\SampleHospital\pom.xml.
2019-03-26 16:15:10,353 [Worker-57] INFO  o.e.m.j.i.AbstractJavaProjectConfigurator - Adding source folder /SampleHospital/src/main/java
2019-03-26 16:15:10,365 [Worker-57] INFO  o.e.m.j.i.AbstractJavaProjectConfigurator - Adding source folder /SampleHospital/src/test/java
2019-03-26 16:15:16,215 [Worker-57] INFO  o.e.m.c.i.p.ProjectConfigurationManager - Imported and configured 1 project(s) in 6 sec
2019-03-26 16:15:16,687 [Worker-57] INFO  o.e.m.c.i.embedder.EclipseLogger - Using 'UTF-8' encoding to copy filtered resources.
2019-03-26 16:15:16,708 [Worker-57] INFO  o.e.m.c.i.embedder.EclipseLogger - skip non existing resourceDirectory C:\Users\manoj.kulakarni\hibernate-JSP-workspace\SampleHospital\src\main\resources
2019-03-26 16:15:16,728 [Worker-57] INFO  o.e.m.c.i.embedder.EclipseLogger - Using 'UTF-8' encoding to copy filtered resources.
2019-03-26 16:15:16,729 [Worker-57] INFO  o.e.m.c.i.embedder.EclipseLogger - skip non existing resourceDirectory C:\Users\manoj.kulakarni\hibernate-JSP-workspace\SampleHospital\src\test\resources
2019-03-26 16:15:48,521 [Worker-57] INFO  o.e.m.c.i.embedder.EclipseLogger - Using 'UTF-8' encoding to copy filtered resources.
2019-03-26 16:15:48,521 [Worker-57] INFO  o.e.m.c.i.embedder.EclipseLogger - skip non existing resourceDirectory C:\Users\manoj.kulakarni\hibernate-JSP-workspace\SampleHospital\src\main\resources
2019-03-26 16:15:48,531 [Worker-57] INFO  o.e.m.c.i.embedder.EclipseLogger - Using 'UTF-8' encoding to copy filtered resources.
2019-03-26 16:15:48,536 [Worker-57] INFO  o.e.m.c.i.embedder.EclipseLogger - skip non existing resourceDirectory C:\Users\manoj.kulakarni\hibernate-JSP-workspace\SampleHospital\src\test\resources
2019-03-26 16:16:27,709 [Worker-59] INFO  o.e.m.c.i.embedder.EclipseLogger - Using 'UTF-8' encoding to copy filtered resources.
2019-03-26 16:16:27,709 [Worker-59] INFO  o.e.m.c.i.embedder.EclipseLogger - skip non existing resourceDirectory C:\Users\manoj.kulakarni\hibernate-JSP-workspace\hospitalApp\src\main\resources
2019-03-26 16:16:27,727 [Worker-59] INFO  o.e.m.c.i.embedder.EclipseLogger - Using 'UTF-8' encoding to copy filtered resources.
2019-03-26 16:16:27,746 [Worker-59] INFO  o.e.m.c.i.embedder.EclipseLogger - skip non existing resourceDirectory C:\Users\manoj.kulakarni\hibernate-JSP-workspace\hospitalApp\src\test\resources
2019-03-26 16:17:37,496 [Worker-57] INFO  o.e.m.c.i.embedder.EclipseLogger - Using 'UTF-8' encoding to copy filtered resources.
2019-03-26 16:17:37,496 [Worker-57] INFO  o.e.m.c.i.embedder.EclipseLogger - skip non existing resourceDirectory C:\Users\manoj.kulakarni\hibernate-JSP-workspace\hospitalApp\src\main\resources
2019-03-26 16:17:37,505 [Worker-57] INFO  o.e.m.c.i.embedder.EclipseLogger - Using 'UTF-8' encoding to copy filtered resources.
2019-03-26 16:17:37,513 [Worker-57] INFO  o.e.m.c.i.embedder.EclipseLogger - skip non existing resourceDirectory C:\Users\manoj.kulakarni\hibernate-JSP-workspace\hospitalApp\src\test\resources
2019-03-26 16:18:37,873 [Worker-59] INFO  o.e.m.c.i.embedder.EclipseLogger - Using 'UTF-8' encoding to copy filtered resources.
2019-03-26 16:18:37,873 [Worker-59] INFO  o.e.m.c.i.embedder.EclipseLogger - skip non existing resourceDirectory C:\Users\manoj.kulakarni\hibernate-JSP-workspace\hospitalApp\src\main\resources
2019-03-26 16:18:37,905 [Worker-59] INFO  o.e.m.c.i.embedder.EclipseLogger - Using 'UTF-8' encoding to copy filtered resources.
2019-03-26 16:18:37,923 [Worker-59] INFO  o.e.m.c.i.embedder.EclipseLogger - skip non existing resourceDirectory C:\Users\manoj.kulakarni\hibernate-JSP-workspace\hospitalApp\src\test\resources
2019-03-26 16:19:11,240 [Worker-64] INFO  o.e.m.c.i.embedder.EclipseLogger - Using 'UTF-8' encoding to copy filtered resources.
2019-03-26 16:19:11,240 [Worker-64] INFO  o.e.m.c.i.embedder.EclipseLogger - skip non existing resourceDirectory C:\Users\manoj.kulakarni\hibernate-JSP-workspace\hospitalApp\src\main\resources
2019-03-26 16:19:11,247 [Worker-64] INFO  o.e.m.c.i.embedder.EclipseLogger - Using 'UTF-8' encoding to copy filtered resources.
2019-03-26 16:19:11,254 [Worker-64] INFO  o.e.m.c.i.embedder.EclipseLogger - skip non existing resourceDirectory C:\Users\manoj.kulakarni\hibernate-JSP-workspace\hospitalApp\src\test\resources
2019-03-26 16:19:54,043 [Worker-65] INFO  o.e.m.c.i.embedder.EclipseLogger - Using 'UTF-8' encoding to copy filtered resources.
2019-03-26 16:19:54,044 [Worker-65] INFO  o.e.m.c.i.embedder.EclipseLogger - skip non existing resourceDirectory C:\Users\manoj.kulakarni\hibernate-JSP-workspace\hospitalApp\src\main\resources
2019-03-26 16:19:54,064 [Worker-65] INFO  o.e.m.c.i.embedder.EclipseLogger - Using 'UTF-8' encoding to copy filtered resources.
2019-03-26 16:19:54,073 [Worker-65] INFO  o.e.m.c.i.embedder.EclipseLogger - skip non existing resourceDirectory C:\Users\manoj.kulakarni\hibernate-JSP-workspace\hospitalApp\src\test\resources
2019-03-26 16:20:13,974 [Worker-64] INFO  o.e.m.c.i.embedder.EclipseLogger - Using 'UTF-8' encoding to copy filtered resources.
2019-03-26 16:20:13,975 [Worker-64] INFO  o.e.m.c.i.embedder.EclipseLogger - skip non existing resourceDirectory C:\Users\manoj.kulakarni\hibernate-JSP-workspace\hospitalApp\src\main\resources
2019-03-26 16:20:13,990 [Worker-64] INFO  o.e.m.c.i.embedder.EclipseLogger - Using 'UTF-8' encoding to copy filtered resources.
2019-03-26 16:20:14,001 [Worker-64] INFO  o.e.m.c.i.embedder.EclipseLogger - skip non existing resourceDirectory C:\Users\manoj.kulakarni\hibernate-JSP-workspace\hospitalApp\src\test\resources
2019-03-26 16:20:40,493 [Worker-62] INFO  o.e.m.c.i.embedder.EclipseLogger - Using 'UTF-8' encoding to copy filtered resources.
2019-03-26 16:20:40,494 [Worker-62] INFO  o.e.m.c.i.embedder.EclipseLogger - skip non existing resourceDirectory C:\Users\manoj.kulakarni\hibernate-JSP-workspace\hospitalApp\src\main\resources
2019-03-26 16:20:40,504 [Worker-62] INFO  o.e.m.c.i.embedder.EclipseLogger - Using 'UTF-8' encoding to copy filtered resources.
2019-03-26 16:20:40,514 [Worker-62] INFO  o.e.m.c.i.embedder.EclipseLogger - skip non existing resourceDirectory C:\Users\manoj.kulakarni\hibernate-JSP-workspace\hospitalApp\src\test\resources
2019-03-26 16:21:16,948 [Worker-61] INFO  o.e.m.c.i.embedder.EclipseLogger - Using 'UTF-8' encoding to copy filtered resources.
2019-03-26 16:21:16,949 [Worker-61] INFO  o.e.m.c.i.embedder.EclipseLogger - skip non existing resourceDirectory C:\Users\manoj.kulakarni\hibernate-JSP-workspace\hospitalApp\src\main\resources
2019-03-26 16:21:16,957 [Worker-61] INFO  o.e.m.c.i.embedder.EclipseLogger - Using 'UTF-8' encoding to copy filtered resources.
2019-03-26 16:21:16,964 [Worker-61] INFO  o.e.m.c.i.embedder.EclipseLogger - skip non existing resourceDirectory C:\Users\manoj.kulakarni\hibernate-JSP-workspace\hospitalApp\src\test\resources
2019-03-26 16:22:02,157 [Worker-65] INFO  o.e.m.c.i.embedder.EclipseLogger - Using 'UTF-8' encoding to copy filtered resources.
2019-03-26 16:22:02,157 [Worker-65] INFO  o.e.m.c.i.embedder.EclipseLogger - skip non existing resourceDirectory C:\Users\manoj.kulakarni\hibernate-JSP-workspace\hospitalApp\src\main\resources
2019-03-26 16:22:02,184 [Worker-65] INFO  o.e.m.c.i.embedder.EclipseLogger - Using 'UTF-8' encoding to copy filtered resources.
2019-03-26 16:22:02,203 [Worker-65] INFO  o.e.m.c.i.embedder.EclipseLogger - skip non existing resourceDirectory C:\Users\manoj.kulakarni\hibernate-JSP-workspace\hospitalApp\src\test\resources
2019-03-26 16:23:02,264 [Worker-63] INFO  o.e.m.c.i.embedder.EclipseLogger - Using 'UTF-8' encoding to copy filtered resources.
2019-03-26 16:23:02,265 [Worker-63] INFO  o.e.m.c.i.embedder.EclipseLogger - skip non existing resourceDirectory C:\Users\manoj.kulakarni\hibernate-JSP-workspace\hospitalApp\src\main\resources
2019-03-26 16:23:02,293 [Worker-63] INFO  o.e.m.c.i.embedder.EclipseLogger - Using 'UTF-8' encoding to copy filtered resources.
2019-03-26 16:23:02,308 [Worker-63] INFO  o.e.m.c.i.embedder.EclipseLogger - skip non existing resourceDirectory C:\Users\manoj.kulakarni\hibernate-JSP-workspace\hospitalApp\src\test\resources
2019-03-26 16:23:26,717 [Worker-59] INFO  o.e.m.c.i.embedder.EclipseLogger - Using 'UTF-8' encoding to copy filtered resources.
2019-03-26 16:23:26,718 [Worker-59] INFO  o.e.m.c.i.embedder.EclipseLogger - skip non existing resourceDirectory C:\Users\manoj.kulakarni\hibernate-JSP-workspace\hospitalApp\src\main\resources
2019-03-26 16:23:26,743 [Worker-59] INFO  o.e.m.c.i.embedder.EclipseLogger - Using 'UTF-8' encoding to copy filtered resources.
2019-03-26 16:23:26,751 [Worker-59] INFO  o.e.m.c.i.embedder.EclipseLogger - skip non existing resourceDirectory C:\Users\manoj.kulakarni\hibernate-JSP-workspace\hospitalApp\src\test\resources
2019-03-26 16:24:22,410 [Worker-65] INFO  o.e.m.c.i.embedder.EclipseLogger - Using 'UTF-8' encoding to copy filtered resources.
2019-03-26 16:24:22,411 [Worker-65] INFO  o.e.m.c.i.embedder.EclipseLogger - skip non existing resourceDirectory C:\Users\manoj.kulakarni\hibernate-JSP-workspace\hospitalApp\src\main\resources
2019-03-26 16:24:22,420 [Worker-65] INFO  o.e.m.c.i.embedder.EclipseLogger - Using 'UTF-8' encoding to copy filtered resources.
2019-03-26 16:24:22,426 [Worker-65] INFO  o.e.m.c.i.embedder.EclipseLogger - skip non existing resourceDirectory C:\Users\manoj.kulakarni\hibernate-JSP-workspace\hospitalApp\src\test\resources
2019-03-26 16:26:33,972 [Worker-64] INFO  o.e.m.c.i.embedder.EclipseLogger - Using 'UTF-8' encoding to copy filtered resources.
2019-03-26 16:26:33,972 [Worker-64] INFO  o.e.m.c.i.embedder.EclipseLogger - skip non existing resourceDirectory C:\Users\manoj.kulakarni\hibernate-JSP-workspace\hospitalApp\src\main\resources
2019-03-26 16:26:33,980 [Worker-64] INFO  o.e.m.c.i.embedder.EclipseLogger - Using 'UTF-8' encoding to copy filtered resources.
2019-03-26 16:26:33,988 [Worker-64] INFO  o.e.m.c.i.embedder.EclipseLogger - skip non existing resourceDirectory C:\Users\manoj.kulakarni\hibernate-JSP-workspace\hospitalApp\src\test\resources
2019-03-26 16:27:19,518 [Worker-49] INFO  o.e.m.c.i.embedder.EclipseLogger - Using 'UTF-8' encoding to copy filtered resources.
2019-03-26 16:27:19,518 [Worker-49] INFO  o.e.m.c.i.embedder.EclipseLogger - skip non existing resourceDirectory C:\Users\manoj.kulakarni\hibernate-JSP-workspace\hospitalApp\src\main\resources
2019-03-26 16:27:19,536 [Worker-49] INFO  o.e.m.c.i.embedder.EclipseLogger - Using 'UTF-8' encoding to copy filtered resources.
2019-03-26 16:27:19,547 [Worker-49] INFO  o.e.m.c.i.embedder.EclipseLogger - skip non existing resourceDirectory C:\Users\manoj.kulakarni\hibernate-JSP-workspace\hospitalApp\src\test\resources
2019-03-26 16:31:22,123 [Worker-60] INFO  o.e.m.c.i.embedder.EclipseLogger - Using 'UTF-8' encoding to copy filtered resources.
2019-03-26 16:31:22,124 [Worker-60] INFO  o.e.m.c.i.embedder.EclipseLogger - skip non existing resourceDirectory C:\Users\manoj.kulakarni\hibernate-JSP-workspace\hospitalApp\src\main\resources
2019-03-26 16:31:22,150 [Worker-60] INFO  o.e.m.c.i.embedder.EclipseLogger - Using 'UTF-8' encoding to copy filtered resources.
2019-03-26 16:31:22,166 [Worker-60] INFO  o.e.m.c.i.embedder.EclipseLogger - skip non existing resourceDirectory C:\Users\manoj.kulakarni\hibernate-JSP-workspace\hospitalApp\src\test\resources
2019-03-26 16:32:35,010 [Worker-60] INFO  o.e.m.c.i.embedder.EclipseLogger - Using 'UTF-8' encoding to copy filtered resources.
2019-03-26 16:32:35,010 [Worker-60] INFO  o.e.m.c.i.embedder.EclipseLogger - skip non existing resourceDirectory C:\Users\manoj.kulakarni\hibernate-JSP-workspace\hospitalApp\src\main\resources
2019-03-26 16:32:35,018 [Worker-60] INFO  o.e.m.c.i.embedder.EclipseLogger - Using 'UTF-8' encoding to copy filtered resources.
2019-03-26 16:32:35,030 [Worker-60] INFO  o.e.m.c.i.embedder.EclipseLogger - skip non existing resourceDirectory C:\Users\manoj.kulakarni\hibernate-JSP-workspace\hospitalApp\src\test\resources
2019-03-26 16:39:19,861 [Worker-63] INFO  o.e.m.c.i.embedder.EclipseLogger - Using 'UTF-8' encoding to copy filtered resources.
2019-03-26 16:39:19,861 [Worker-63] INFO  o.e.m.c.i.embedder.EclipseLogger - skip non existing resourceDirectory C:\Users\manoj.kulakarni\hibernate-JSP-workspace\hospitalApp\src\main\resources
2019-03-26 16:39:19,885 [Worker-63] INFO  o.e.m.c.i.embedder.EclipseLogger - Using 'UTF-8' encoding to copy filtered resources.
2019-03-26 16:39:19,900 [Worker-63] INFO  o.e.m.c.i.embedder.EclipseLogger - skip non existing resourceDirectory C:\Users\manoj.kulakarni\hibernate-JSP-workspace\hospitalApp\src\test\resources
2019-03-26 16:45:36,486 [Worker-64] INFO  o.e.m.c.i.embedder.EclipseLogger - Using 'UTF-8' encoding to copy filtered resources.
2019-03-26 16:45:36,487 [Worker-64] INFO  o.e.m.c.i.embedder.EclipseLogger - skip non existing resourceDirectory C:\Users\manoj.kulakarni\hibernate-JSP-workspace\hospitalApp\src\main\resources
2019-03-26 16:45:36,499 [Worker-64] INFO  o.e.m.c.i.embedder.EclipseLogger - Using 'UTF-8' encoding to copy filtered resources.
2019-03-26 16:45:36,510 [Worker-64] INFO  o.e.m.c.i.embedder.EclipseLogger - skip non existing resourceDirectory C:\Users\manoj.kulakarni\hibernate-JSP-workspace\hospitalApp\src\test\resources
2019-03-26 16:46:05,069 [Worker-49] INFO  o.e.m.c.i.embedder.EclipseLogger - Using 'UTF-8' encoding to copy filtered resources.
2019-03-26 16:46:05,070 [Worker-49] INFO  o.e.m.c.i.embedder.EclipseLogger - skip non existing resourceDirectory C:\Users\manoj.kulakarni\hibernate-JSP-workspace\hospitalApp\src\main\resources
2019-03-26 16:46:05,096 [Worker-49] INFO  o.e.m.c.i.embedder.EclipseLogger - Using 'UTF-8' encoding to copy filtered resources.
2019-03-26 16:46:05,132 [Worker-49] INFO  o.e.m.c.i.embedder.EclipseLogger - skip non existing resourceDirectory C:\Users\manoj.kulakarni\hibernate-JSP-workspace\hospitalApp\src\test\resources
2019-03-26 16:46:51,372 [Worker-62] INFO  o.e.m.c.i.embedder.EclipseLogger - Using 'UTF-8' encoding to copy filtered resources.
2019-03-26 16:46:51,372 [Worker-62] INFO  o.e.m.c.i.embedder.EclipseLogger - skip non existing resourceDirectory C:\Users\manoj.kulakarni\hibernate-JSP-workspace\hospitalApp\src\main\resources
2019-03-26 16:46:51,397 [Worker-62] INFO  o.e.m.c.i.embedder.EclipseLogger - Using 'UTF-8' encoding to copy filtered resources.
2019-03-26 16:46:51,412 [Worker-62] INFO  o.e.m.c.i.embedder.EclipseLogger - skip non existing resourceDirectory C:\Users\manoj.kulakarni\hibernate-JSP-workspace\hospitalApp\src\test\resources
2019-03-26 16:47:31,411 [Worker-60] INFO  o.e.m.c.i.embedder.EclipseLogger - Using 'UTF-8' encoding to copy filtered resources.
2019-03-26 16:47:31,411 [Worker-60] INFO  o.e.m.c.i.embedder.EclipseLogger - skip non existing resourceDirectory C:\Users\manoj.kulakarni\hibernate-JSP-workspace\hospitalApp\src\main\resources
2019-03-26 16:47:31,426 [Worker-60] INFO  o.e.m.c.i.embedder.EclipseLogger - Using 'UTF-8' encoding to copy filtered resources.
2019-03-26 16:47:31,436 [Worker-60] INFO  o.e.m.c.i.embedder.EclipseLogger - skip non existing resourceDirectory C:\Users\manoj.kulakarni\hibernate-JSP-workspace\hospitalApp\src\test\resources
2019-03-26 16:47:38,479 [Worker-67] INFO  o.e.m.c.i.embedder.EclipseLogger - Using 'UTF-8' encoding to copy filtered resources.
2019-03-26 16:47:38,479 [Worker-67] INFO  o.e.m.c.i.embedder.EclipseLogger - skip non existing resourceDirectory C:\Users\manoj.kulakarni\hibernate-JSP-workspace\hospitalApp\src\main\resources
2019-03-26 16:47:38,490 [Worker-67] INFO  o.e.m.c.i.embedder.EclipseLogger - Using 'UTF-8' encoding to copy filtered resources.
2019-03-26 16:47:38,521 [Worker-67] INFO  o.e.m.c.i.embedder.EclipseLogger - skip non existing resourceDirectory C:\Users\manoj.kulakarni\hibernate-JSP-workspace\hospitalApp\src\test\resources
2019-03-26 16:50:27,564 [Worker-64] INFO  o.e.m.c.i.embedder.EclipseLogger - Using 'UTF-8' encoding to copy filtered resources.
2019-03-26 16:50:27,564 [Worker-64] INFO  o.e.m.c.i.embedder.EclipseLogger - skip non existing resourceDirectory C:\Users\manoj.kulakarni\hibernate-JSP-workspace\hospitalApp\src\main\resources
2019-03-26 16:50:27,584 [Worker-64] INFO  o.e.m.c.i.embedder.EclipseLogger - Using 'UTF-8' encoding to copy filtered resources.
2019-03-26 16:50:27,601 [Worker-64] INFO  o.e.m.c.i.embedder.EclipseLogger - skip non existing resourceDirectory C:\Users\manoj.kulakarni\hibernate-JSP-workspace\hospitalApp\src\test\resources
2019-03-26 16:51:13,034 [Worker-68] INFO  o.e.m.c.i.embedder.EclipseLogger - Using 'UTF-8' encoding to copy filtered resources.
2019-03-26 16:51:13,035 [Worker-68] INFO  o.e.m.c.i.embedder.EclipseLogger - skip non existing resourceDirectory C:\Users\manoj.kulakarni\hibernate-JSP-workspace\hospitalApp\src\main\resources
2019-03-26 16:51:13,058 [Worker-68] INFO  o.e.m.c.i.embedder.EclipseLogger - Using 'UTF-8' encoding to copy filtered resources.
2019-03-26 16:51:13,073 [Worker-68] INFO  o.e.m.c.i.embedder.EclipseLogger - skip non existing resourceDirectory C:\Users\manoj.kulakarni\hibernate-JSP-workspace\hospitalApp\src\test\resources
2019-03-26 16:51:31,635 [Worker-62] INFO  o.e.m.c.i.embedder.EclipseLogger - Using 'UTF-8' encoding to copy filtered resources.
2019-03-26 16:51:31,635 [Worker-62] INFO  o.e.m.c.i.embedder.EclipseLogger - skip non existing resourceDirectory C:\Users\manoj.kulakarni\hibernate-JSP-workspace\hospitalApp\src\main\resources
2019-03-26 16:51:31,646 [Worker-62] INFO  o.e.m.c.i.embedder.EclipseLogger - Using 'UTF-8' encoding to copy filtered resources.
2019-03-26 16:51:31,653 [Worker-62] INFO  o.e.m.c.i.embedder.EclipseLogger - skip non existing resourceDirectory C:\Users\manoj.kulakarni\hibernate-JSP-workspace\hospitalApp\src\test\resources
2019-03-26 16:54:37,271 [Worker-60] INFO  o.e.m.c.i.embedder.EclipseLogger - Using 'UTF-8' encoding to copy filtered resources.
2019-03-26 16:54:37,271 [Worker-60] INFO  o.e.m.c.i.embedder.EclipseLogger - skip non existing resourceDirectory C:\Users\manoj.kulakarni\hibernate-JSP-workspace\hospitalApp\src\main\resources
2019-03-26 16:54:37,304 [Worker-60] INFO  o.e.m.c.i.embedder.EclipseLogger - Using 'UTF-8' encoding to copy filtered resources.
2019-03-26 16:54:37,318 [Worker-60] INFO  o.e.m.c.i.embedder.EclipseLogger - skip non existing resourceDirectory C:\Users\manoj.kulakarni\hibernate-JSP-workspace\hospitalApp\src\test\resources
2019-03-26 16:58:05,269 [Worker-64] INFO  o.e.m.c.i.embedder.EclipseLogger - Using 'UTF-8' encoding to copy filtered resources.
2019-03-26 16:58:05,270 [Worker-64] INFO  o.e.m.c.i.embedder.EclipseLogger - skip non existing resourceDirectory C:\Users\manoj.kulakarni\hibernate-JSP-workspace\hospitalApp\src\main\resources
2019-03-26 16:58:05,283 [Worker-64] INFO  o.e.m.c.i.embedder.EclipseLogger - Using 'UTF-8' encoding to copy filtered resources.
2019-03-26 16:58:05,290 [Worker-64] INFO  o.e.m.c.i.embedder.EclipseLogger - skip non existing resourceDirectory C:\Users\manoj.kulakarni\hibernate-JSP-workspace\hospitalApp\src\test\resources
2019-03-26 16:58:10,534 [Worker-70] INFO  o.e.m.c.i.embedder.EclipseLogger - Using 'UTF-8' encoding to copy filtered resources.
2019-03-26 16:58:10,534 [Worker-70] INFO  o.e.m.c.i.embedder.EclipseLogger - skip non existing resourceDirectory C:\Users\manoj.kulakarni\hibernate-JSP-workspace\hospitalApp\src\main\resources
2019-03-26 16:58:10,552 [Worker-70] INFO  o.e.m.c.i.embedder.EclipseLogger - Using 'UTF-8' encoding to copy filtered resources.
2019-03-26 16:58:10,566 [Worker-70] INFO  o.e.m.c.i.embedder.EclipseLogger - skip non existing resourceDirectory C:\Users\manoj.kulakarni\hibernate-JSP-workspace\hospitalApp\src\test\resources
2019-03-26 17:00:46,302 [Worker-70] INFO  o.e.m.c.i.embedder.EclipseLogger - Using 'UTF-8' encoding to copy filtered resources.
2019-03-26 17:00:46,303 [Worker-70] INFO  o.e.m.c.i.embedder.EclipseLogger - skip non existing resourceDirectory C:\Users\manoj.kulakarni\hibernate-JSP-workspace\hospitalApp\src\main\resources
2019-03-26 17:00:46,327 [Worker-70] INFO  o.e.m.c.i.embedder.EclipseLogger - Using 'UTF-8' encoding to copy filtered resources.
2019-03-26 17:00:46,358 [Worker-70] INFO  o.e.m.c.i.embedder.EclipseLogger - skip non existing resourceDirectory C:\Users\manoj.kulakarni\hibernate-JSP-workspace\hospitalApp\src\test\resources
2019-03-26 17:01:48,507 [Worker-69] INFO  o.e.m.c.i.embedder.EclipseLogger - Using 'UTF-8' encoding to copy filtered resources.
2019-03-26 17:01:48,507 [Worker-69] INFO  o.e.m.c.i.embedder.EclipseLogger - skip non existing resourceDirectory C:\Users\manoj.kulakarni\hibernate-JSP-workspace\hospitalApp\src\main\resources
2019-03-26 17:01:48,521 [Worker-69] INFO  o.e.m.c.i.embedder.EclipseLogger - Using 'UTF-8' encoding to copy filtered resources.
2019-03-26 17:01:48,543 [Worker-69] INFO  o.e.m.c.i.embedder.EclipseLogger - skip non existing resourceDirectory C:\Users\manoj.kulakarni\hibernate-JSP-workspace\hospitalApp\src\test\resources
2019-03-26 17:03:07,207 [Worker-64] INFO  o.e.m.c.i.embedder.EclipseLogger - Using 'UTF-8' encoding to copy filtered resources.
2019-03-26 17:03:07,207 [Worker-64] INFO  o.e.m.c.i.embedder.EclipseLogger - skip non existing resourceDirectory C:\Users\manoj.kulakarni\hibernate-JSP-workspace\hospitalApp\src\main\resources
2019-03-26 17:03:07,214 [Worker-64] INFO  o.e.m.c.i.embedder.EclipseLogger - Using 'UTF-8' encoding to copy filtered resources.
2019-03-26 17:03:07,221 [Worker-64] INFO  o.e.m.c.i.embedder.EclipseLogger - skip non existing resourceDirectory C:\Users\manoj.kulakarni\hibernate-JSP-workspace\hospitalApp\src\test\resources
2019-03-26 17:07:49,603 [Worker-69] INFO  o.e.m.c.i.embedder.EclipseLogger - Using 'UTF-8' encoding to copy filtered resources.
2019-03-26 17:07:49,603 [Worker-69] INFO  o.e.m.c.i.embedder.EclipseLogger - skip non existing resourceDirectory C:\Users\manoj.kulakarni\hibernate-JSP-workspace\hospitalApp\src\main\resources
2019-03-26 17:07:49,612 [Worker-69] INFO  o.e.m.c.i.embedder.EclipseLogger - Using 'UTF-8' encoding to copy filtered resources.
2019-03-26 17:07:49,619 [Worker-69] INFO  o.e.m.c.i.embedder.EclipseLogger - skip non existing resourceDirectory C:\Users\manoj.kulakarni\hibernate-JSP-workspace\hospitalApp\src\test\resources
2019-03-26 17:13:16,236 [Worker-69] INFO  o.e.m.c.i.embedder.EclipseLogger - Using 'UTF-8' encoding to copy filtered resources.
2019-03-26 17:13:16,236 [Worker-69] INFO  o.e.m.c.i.embedder.EclipseLogger - skip non existing resourceDirectory C:\Users\manoj.kulakarni\hibernate-JSP-workspace\hospitalApp\src\main\resources
2019-03-26 17:13:16,252 [Worker-69] INFO  o.e.m.c.i.embedder.EclipseLogger - Using 'UTF-8' encoding to copy filtered resources.
2019-03-26 17:13:16,264 [Worker-69] INFO  o.e.m.c.i.embedder.EclipseLogger - skip non existing resourceDirectory C:\Users\manoj.kulakarni\hibernate-JSP-workspace\hospitalApp\src\test\resources
2019-03-26 17:15:16,084 [Worker-71] INFO  o.e.m.c.i.embedder.EclipseLogger - Using 'UTF-8' encoding to copy filtered resources.
2019-03-26 17:15:16,085 [Worker-71] INFO  o.e.m.c.i.embedder.EclipseLogger - skip non existing resourceDirectory C:\Users\manoj.kulakarni\hibernate-JSP-workspace\hospitalApp\src\main\resources
2019-03-26 17:15:16,110 [Worker-71] INFO  o.e.m.c.i.embedder.EclipseLogger - Using 'UTF-8' encoding to copy filtered resources.
2019-03-26 17:15:16,139 [Worker-71] INFO  o.e.m.c.i.embedder.EclipseLogger - skip non existing resourceDirectory C:\Users\manoj.kulakarni\hibernate-JSP-workspace\hospitalApp\src\test\resources
2019-03-26 17:16:43,165 [Worker-71] INFO  o.e.m.c.i.embedder.EclipseLogger - Using 'UTF-8' encoding to copy filtered resources.
2019-03-26 17:16:43,166 [Worker-71] INFO  o.e.m.c.i.embedder.EclipseLogger - skip non existing resourceDirectory C:\Users\manoj.kulakarni\hibernate-JSP-workspace\hospitalApp\src\main\resources
2019-03-26 17:16:43,176 [Worker-71] INFO  o.e.m.c.i.embedder.EclipseLogger - Using 'UTF-8' encoding to copy filtered resources.
2019-03-26 17:16:43,192 [Worker-71] INFO  o.e.m.c.i.embedder.EclipseLogger - skip non existing resourceDirectory C:\Users\manoj.kulakarni\hibernate-JSP-workspace\hospitalApp\src\test\resources
2019-03-26 17:17:06,590 [Worker-71] INFO  o.e.m.c.i.embedder.EclipseLogger - Using 'UTF-8' encoding to copy filtered resources.
2019-03-26 17:17:06,590 [Worker-71] INFO  o.e.m.c.i.embedder.EclipseLogger - skip non existing resourceDirectory C:\Users\manoj.kulakarni\hibernate-JSP-workspace\hospitalApp\src\main\resources
2019-03-26 17:17:06,599 [Worker-71] INFO  o.e.m.c.i.embedder.EclipseLogger - Using 'UTF-8' encoding to copy filtered resources.
2019-03-26 17:17:06,605 [Worker-71] INFO  o.e.m.c.i.embedder.EclipseLogger - skip non existing resourceDirectory C:\Users\manoj.kulakarni\hibernate-JSP-workspace\hospitalApp\src\test\resources
2019-03-26 17:17:16,541 [Worker-72] INFO  o.e.m.c.i.embedder.EclipseLogger - Using 'UTF-8' encoding to copy filtered resources.
2019-03-26 17:17:16,542 [Worker-72] INFO  o.e.m.c.i.embedder.EclipseLogger - skip non existing resourceDirectory C:\Users\manoj.kulakarni\hibernate-JSP-workspace\hospitalApp\src\main\resources
2019-03-26 17:17:16,550 [Worker-72] INFO  o.e.m.c.i.embedder.EclipseLogger - Using 'UTF-8' encoding to copy filtered resources.
2019-03-26 17:17:16,558 [Worker-72] INFO  o.e.m.c.i.embedder.EclipseLogger - skip non existing resourceDirectory C:\Users\manoj.kulakarni\hibernate-JSP-workspace\hospitalApp\src\test\resources
2019-03-26 17:18:03,531 [Worker-62] INFO  o.e.m.c.i.embedder.EclipseLogger - Using 'UTF-8' encoding to copy filtered resources.
2019-03-26 17:18:03,532 [Worker-62] INFO  o.e.m.c.i.embedder.EclipseLogger - skip non existing resourceDirectory C:\Users\manoj.kulakarni\hibernate-JSP-workspace\hospitalApp\src\main\resources
2019-03-26 17:18:03,550 [Worker-62] INFO  o.e.m.c.i.embedder.EclipseLogger - Using 'UTF-8' encoding to copy filtered resources.
2019-03-26 17:18:03,568 [Worker-62] INFO  o.e.m.c.i.embedder.EclipseLogger - skip non existing resourceDirectory C:\Users\manoj.kulakarni\hibernate-JSP-workspace\hospitalApp\src\test\resources
2019-03-26 17:20:35,543 [Worker-73] INFO  o.e.m.c.i.embedder.EclipseLogger - Using 'UTF-8' encoding to copy filtered resources.
2019-03-26 17:20:35,544 [Worker-73] INFO  o.e.m.c.i.embedder.EclipseLogger - skip non existing resourceDirectory C:\Users\manoj.kulakarni\hibernate-JSP-workspace\hospitalApp\src\main\resources
2019-03-26 17:20:35,553 [Worker-73] INFO  o.e.m.c.i.embedder.EclipseLogger - Using 'UTF-8' encoding to copy filtered resources.
2019-03-26 17:20:35,560 [Worker-73] INFO  o.e.m.c.i.embedder.EclipseLogger - skip non existing resourceDirectory C:\Users\manoj.kulakarni\hibernate-JSP-workspace\hospitalApp\src\test\resources
2019-03-26 17:21:44,845 [Worker-73] INFO  o.e.m.c.i.embedder.EclipseLogger - Using 'UTF-8' encoding to copy filtered resources.
2019-03-26 17:21:44,845 [Worker-73] INFO  o.e.m.c.i.embedder.EclipseLogger - skip non existing resourceDirectory C:\Users\manoj.kulakarni\hibernate-JSP-workspace\hospitalApp\src\main\resources
2019-03-26 17:21:44,853 [Worker-73] INFO  o.e.m.c.i.embedder.EclipseLogger - Using 'UTF-8' encoding to copy filtered resources.
2019-03-26 17:21:44,859 [Worker-73] INFO  o.e.m.c.i.embedder.EclipseLogger - skip non existing resourceDirectory C:\Users\manoj.kulakarni\hibernate-JSP-workspace\hospitalApp\src\test\resources
2019-03-26 17:24:57,308 [Worker-76] INFO  o.e.m.c.i.embedder.EclipseLogger - Using 'UTF-8' encoding to copy filtered resources.
2019-03-26 17:24:57,308 [Worker-76] INFO  o.e.m.c.i.embedder.EclipseLogger - skip non existing resourceDirectory C:\Users\manoj.kulakarni\hibernate-JSP-workspace\hospitalApp\src\main\resources
2019-03-26 17:24:57,324 [Worker-76] INFO  o.e.m.c.i.embedder.EclipseLogger - Using 'UTF-8' encoding to copy filtered resources.
2019-03-26 17:24:57,333 [Worker-76] INFO  o.e.m.c.i.embedder.EclipseLogger - skip non existing resourceDirectory C:\Users\manoj.kulakarni\hibernate-JSP-workspace\hospitalApp\src\test\resources
2019-03-26 17:34:24,977 [Worker-71] INFO  o.e.m.c.i.embedder.EclipseLogger - Using 'UTF-8' encoding to copy filtered resources.
2019-03-26 17:34:24,977 [Worker-71] INFO  o.e.m.c.i.embedder.EclipseLogger - skip non existing resourceDirectory C:\Users\manoj.kulakarni\hibernate-JSP-workspace\hospitalApp\src\main\resources
2019-03-26 17:34:24,990 [Worker-71] INFO  o.e.m.c.i.embedder.EclipseLogger - Using 'UTF-8' encoding to copy filtered resources.
2019-03-26 17:34:24,996 [Worker-71] INFO  o.e.m.c.i.embedder.EclipseLogger - skip non existing resourceDirectory C:\Users\manoj.kulakarni\hibernate-JSP-workspace\hospitalApp\src\test\resources
2019-03-26 17:38:03,115 [Worker-73] INFO  o.e.m.c.i.embedder.EclipseLogger - Using 'UTF-8' encoding to copy filtered resources.
2019-03-26 17:38:03,115 [Worker-73] INFO  o.e.m.c.i.embedder.EclipseLogger - skip non existing resourceDirectory C:\Users\manoj.kulakarni\hibernate-JSP-workspace\hospitalApp\src\main\resources
2019-03-26 17:38:03,140 [Worker-73] INFO  o.e.m.c.i.embedder.EclipseLogger - Using 'UTF-8' encoding to copy filtered resources.
2019-03-26 17:38:03,151 [Worker-73] INFO  o.e.m.c.i.embedder.EclipseLogger - skip non existing resourceDirectory C:\Users\manoj.kulakarni\hibernate-JSP-workspace\hospitalApp\src\test\resources
2019-03-26 17:38:47,363 [Worker-71] INFO  o.e.m.c.i.embedder.EclipseLogger - Using 'UTF-8' encoding to copy filtered resources.
2019-03-26 17:38:47,363 [Worker-71] INFO  o.e.m.c.i.embedder.EclipseLogger - skip non existing resourceDirectory C:\Users\manoj.kulakarni\hibernate-JSP-workspace\hospitalApp\src\main\resources
2019-03-26 17:38:47,386 [Worker-71] INFO  o.e.m.c.i.embedder.EclipseLogger - Using 'UTF-8' encoding to copy filtered resources.
2019-03-26 17:38:47,400 [Worker-71] INFO  o.e.m.c.i.embedder.EclipseLogger - skip non existing resourceDirectory C:\Users\manoj.kulakarni\hibernate-JSP-workspace\hospitalApp\src\test\resources
2019-03-26 17:39:43,370 [Worker-78] INFO  o.e.m.c.i.embedder.EclipseLogger - Using 'UTF-8' encoding to copy filtered resources.
2019-03-26 17:39:43,371 [Worker-78] INFO  o.e.m.c.i.embedder.EclipseLogger - skip non existing resourceDirectory C:\Users\manoj.kulakarni\hibernate-JSP-workspace\hospitalApp\src\main\resources
2019-03-26 17:39:43,379 [Worker-78] INFO  o.e.m.c.i.embedder.EclipseLogger - Using 'UTF-8' encoding to copy filtered resources.
2019-03-26 17:39:43,385 [Worker-78] INFO  o.e.m.c.i.embedder.EclipseLogger - skip non existing resourceDirectory C:\Users\manoj.kulakarni\hibernate-JSP-workspace\hospitalApp\src\test\resources
2019-03-26 17:40:03,066 [Worker-77] INFO  o.e.m.c.i.embedder.EclipseLogger - Using 'UTF-8' encoding to copy filtered resources.
2019-03-26 17:40:03,067 [Worker-77] INFO  o.e.m.c.i.embedder.EclipseLogger - skip non existing resourceDirectory C:\Users\manoj.kulakarni\hibernate-JSP-workspace\hospitalApp\src\main\resources
2019-03-26 17:40:03,078 [Worker-77] INFO  o.e.m.c.i.embedder.EclipseLogger - Using 'UTF-8' encoding to copy filtered resources.
2019-03-26 17:40:03,088 [Worker-77] INFO  o.e.m.c.i.embedder.EclipseLogger - skip non existing resourceDirectory C:\Users\manoj.kulakarni\hibernate-JSP-workspace\hospitalApp\src\test\resources
2019-03-26 17:41:03,604 [Worker-75] INFO  o.e.m.c.i.p.ProjectConfigurationManager - Update started
2019-03-26 17:41:06,374 [Worker-75] INFO  o.e.m.c.i.l.LifecycleMappingFactory - Using org.maven.ide.eclipse.wtp.WarLifecycleMapping lifecycle mapping for MavenProject: com.evry:hospitalApp:0.0.1-SNAPSHOT @ C:\Users\manoj.kulakarni\hibernate-JSP-workspace\hospitalApp\pom.xml.
2019-03-26 17:41:08,692 [Worker-75] INFO  o.e.m.j.i.AbstractJavaProjectConfigurator - Adding source folder /hospitalApp/src/main/java
2019-03-26 17:41:08,710 [Worker-75] INFO  o.e.m.j.i.AbstractJavaProjectConfigurator - Adding source folder /hospitalApp/src/test/java
2019-03-26 17:41:10,802 [Worker-75] INFO  o.e.m.w.i.f.ResourceFilteringBuildParticipant - Cleaning filtered folder for hospitalApp
2019-03-26 17:41:10,823 [Worker-75] INFO  o.e.m.c.i.p.ProjectConfigurationManager - Update completed: 7 sec
2019-03-26 17:41:11,270 [Worker-71] INFO  o.e.m.c.i.embedder.EclipseLogger - Using 'UTF-8' encoding to copy filtered resources.
2019-03-26 17:41:11,280 [Worker-71] INFO  o.e.m.c.i.embedder.EclipseLogger - skip non existing resourceDirectory C:\Users\manoj.kulakarni\hibernate-JSP-workspace\hospitalApp\src\main\resources
2019-03-26 17:41:11,308 [Worker-71] INFO  o.e.m.c.i.embedder.EclipseLogger - Using 'UTF-8' encoding to copy filtered resources.
2019-03-26 17:41:11,308 [Worker-71] INFO  o.e.m.c.i.embedder.EclipseLogger - skip non existing resourceDirectory C:\Users\manoj.kulakarni\hibernate-JSP-workspace\hospitalApp\src\test\resources
2019-03-26 17:41:11,318 [Worker-71] INFO  o.e.m.w.i.f.ResourceFilteringBuildParticipant - Changed resources require a complete clean of filtered resources of hospitalApp
2019-03-26 17:41:11,318 [Worker-71] INFO  o.e.m.w.i.f.ResourceFilteringBuildParticipant - Executing resource filtering for hospitalApp
2019-03-26 17:41:11,324 [Worker-71] INFO  o.e.m.c.i.embedder.EclipseLogger - Using 'UTF-8' encoding to copy filtered resources.
2019-03-26 17:41:11,624 [Worker-80] INFO  o.e.m.c.i.embedder.EclipseLogger - Using 'UTF-8' encoding to copy filtered resources.
2019-03-26 17:41:11,660 [Worker-80] INFO  o.e.m.c.i.embedder.EclipseLogger - skip non existing resourceDirectory C:\Users\manoj.kulakarni\hibernate-JSP-workspace\hospitalApp\src\main\resources
2019-03-26 17:41:11,661 [Worker-80] INFO  o.e.m.c.i.embedder.EclipseLogger - Using 'UTF-8' encoding to copy filtered resources.
2019-03-26 17:41:11,662 [Worker-80] INFO  o.e.m.c.i.embedder.EclipseLogger - skip non existing resourceDirectory C:\Users\manoj.kulakarni\hibernate-JSP-workspace\hospitalApp\src\test\resources
2019-03-26 17:42:43,214 [Worker-71] INFO  o.e.m.i.launch.MavenLaunchDelegate - C:\Users\manoj.kulakarni\hibernate-JSP-workspace\hospitalApp
2019-03-26 17:42:43,220 [Worker-71] INFO  o.e.m.i.launch.MavenLaunchDelegate -  mvn -B clean
2019-03-26 17:42:46,452 [Worker-80] INFO  o.e.m.c.i.embedder.EclipseLogger - Using 'UTF-8' encoding to copy filtered resources.
2019-03-26 17:42:46,460 [Worker-80] INFO  o.e.m.c.i.embedder.EclipseLogger - skip non existing resourceDirectory C:\Users\manoj.kulakarni\hibernate-JSP-workspace\hospitalApp\src\main\resources
2019-03-26 17:42:46,466 [Worker-80] INFO  o.e.m.c.i.embedder.EclipseLogger - Using 'UTF-8' encoding to copy filtered resources.
2019-03-26 17:42:46,474 [Worker-80] INFO  o.e.m.c.i.embedder.EclipseLogger - skip non existing resourceDirectory C:\Users\manoj.kulakarni\hibernate-JSP-workspace\hospitalApp\src\test\resources
2019-03-26 17:42:46,474 [Worker-80] INFO  o.e.m.w.i.f.ResourceFilteringBuildParticipant - Changed resources require a complete clean of filtered resources of hospitalApp
2019-03-26 17:42:46,474 [Worker-80] INFO  o.e.m.w.i.f.ResourceFilteringBuildParticipant - Executing resource filtering for hospitalApp
2019-03-26 17:42:46,478 [Worker-80] INFO  o.e.m.c.i.embedder.EclipseLogger - Using 'UTF-8' encoding to copy filtered resources.
2019-03-26 17:43:57,772 [Worker-76] INFO  o.e.m.c.i.embedder.EclipseLogger - Using 'UTF-8' encoding to copy filtered resources.
2019-03-26 17:43:57,773 [Worker-76] INFO  o.e.m.c.i.embedder.EclipseLogger - skip non existing resourceDirectory C:\Users\manoj.kulakarni\hibernate-JSP-workspace\hospitalApp\src\main\resources
2019-03-26 17:43:57,776 [Worker-76] INFO  o.e.m.c.i.embedder.EclipseLogger - Using 'UTF-8' encoding to copy filtered resources.
2019-03-26 17:43:57,777 [Worker-76] INFO  o.e.m.c.i.embedder.EclipseLogger - skip non existing resourceDirectory C:\Users\manoj.kulakarni\hibernate-JSP-workspace\hospitalApp\src\test\resources
2019-03-26 17:44:21,425 [Worker-75] INFO  o.e.m.c.i.embedder.EclipseLogger - Using 'UTF-8' encoding to copy filtered resources.
2019-03-26 17:44:21,425 [Worker-75] INFO  o.e.m.c.i.embedder.EclipseLogger - skip non existing resourceDirectory C:\Users\manoj.kulakarni\hibernate-JSP-workspace\hospitalApp\src\main\resources
2019-03-26 17:44:21,435 [Worker-75] INFO  o.e.m.c.i.embedder.EclipseLogger - Using 'UTF-8' encoding to copy filtered resources.
2019-03-26 17:44:21,441 [Worker-75] INFO  o.e.m.c.i.embedder.EclipseLogger - skip non existing resourceDirectory C:\Users\manoj.kulakarni\hibernate-JSP-workspace\hospitalApp\src\test\resources
2019-03-26 17:44:50,614 [Worker-71] INFO  o.e.m.c.i.embedder.EclipseLogger - Using 'UTF-8' encoding to copy filtered resources.
2019-03-26 17:44:50,614 [Worker-71] INFO  o.e.m.c.i.embedder.EclipseLogger - skip non existing resourceDirectory C:\Users\manoj.kulakarni\hibernate-JSP-workspace\hospitalApp\src\main\resources
2019-03-26 17:44:50,618 [Worker-71] INFO  o.e.m.c.i.embedder.EclipseLogger - Using 'UTF-8' encoding to copy filtered resources.
2019-03-26 17:44:50,618 [Worker-71] INFO  o.e.m.c.i.embedder.EclipseLogger - skip non existing resourceDirectory C:\Users\manoj.kulakarni\hibernate-JSP-workspace\hospitalApp\src\test\resources
2019-03-26 17:45:00,847 [Worker-73] INFO  o.e.m.c.i.embedder.EclipseLogger - Using 'UTF-8' encoding to copy filtered resources.
2019-03-26 17:45:00,853 [Worker-73] INFO  o.e.m.c.i.embedder.EclipseLogger - skip non existing resourceDirectory C:\Users\manoj.kulakarni\hibernate-JSP-workspace\hospitalApp\src\main\resources
2019-03-26 17:45:00,867 [Worker-73] INFO  o.e.m.c.i.embedder.EclipseLogger - Using 'UTF-8' encoding to copy filtered resources.
2019-03-26 17:45:00,867 [Worker-73] INFO  o.e.m.c.i.embedder.EclipseLogger - skip non existing resourceDirectory C:\Users\manoj.kulakarni\hibernate-JSP-workspace\hospitalApp\src\test\resources
2019-03-26 17:45:04,118 [Worker-80] INFO  o.e.m.c.i.embedder.EclipseLogger - Using 'UTF-8' encoding to copy filtered resources.
2019-03-26 17:45:04,119 [Worker-80] INFO  o.e.m.c.i.embedder.EclipseLogger - skip non existing resourceDirectory C:\Users\manoj.kulakarni\hibernate-JSP-workspace\hospitalApp\src\main\resources
2019-03-26 17:45:04,122 [Worker-80] INFO  o.e.m.c.i.embedder.EclipseLogger - Using 'UTF-8' encoding to copy filtered resources.
2019-03-26 17:45:04,122 [Worker-80] INFO  o.e.m.c.i.embedder.EclipseLogger - skip non existing resourceDirectory C:\Users\manoj.kulakarni\hibernate-JSP-workspace\hospitalApp\src\test\resources
2019-03-26 17:45:36,008 [Worker-78] INFO  o.e.m.c.i.embedder.EclipseLogger - Using 'UTF-8' encoding to copy filtered resources.
2019-03-26 17:45:36,022 [Worker-78] INFO  o.e.m.c.i.embedder.EclipseLogger - skip non existing resourceDirectory C:\Users\manoj.kulakarni\hibernate-JSP-workspace\hospitalApp\src\main\resources
2019-03-26 17:45:36,033 [Worker-78] INFO  o.e.m.c.i.embedder.EclipseLogger - Using 'UTF-8' encoding to copy filtered resources.
2019-03-26 17:45:36,033 [Worker-78] INFO  o.e.m.c.i.embedder.EclipseLogger - skip non existing resourceDirectory C:\Users\manoj.kulakarni\hibernate-JSP-workspace\hospitalApp\src\test\resources
